<?xml version="1.0" encoding="UTF-8"?>
<robot generator="Robot 7.0 (Python 3.12.1 on win32)" generated="2024-02-26T09:45:31.749284" rpa="false" schemaversion="5">
<suite id="s1" name="infotivCarRental" source="C:\Users\T440p\PycharmProjects\selenium-lab\infotivCarRental">
<suite id="s1-s1" name="Tests" source="C:\Users\T440p\PycharmProjects\selenium-lab\infotivCarRental\tests">
<suite id="s1-s1-s1" name="carRental" source="C:\Users\T440p\PycharmProjects\selenium-lab\infotivCarRental\tests\carRental.robot">
<kw name="Setup test environment" owner="carRentalResources" type="SETUP">
<kw name="Set Selenium Speed" owner="SeleniumLibrary">
<arg>${selenium_speed}</arg>
<doc>Sets the delay that is waited after each Selenium command.</doc>
<status status="PASS" start="2024-02-26T09:45:32.195391" elapsed="0.000000"/>
</kw>
<kw name="Open Browser" owner="SeleniumLibrary">
<msg time="2024-02-26T09:45:32.196512" level="INFO">Opening browser 'Chrome' to base url 'None'.</msg>
<arg>browser=${browser}</arg>
<doc>Opens a new browser instance to the optional ``url``.</doc>
<status status="PASS" start="2024-02-26T09:45:32.195391" elapsed="2.477500"/>
</kw>
<kw name="Maximize Browser Window" owner="SeleniumLibrary">
<doc>Maximizes current browser window.</doc>
<status status="PASS" start="2024-02-26T09:45:34.673988" elapsed="1.131565"/>
</kw>
<doc>Sets Selenium speed, opens Chrome and maximizes browser window</doc>
<status status="PASS" start="2024-02-26T09:45:32.193158" elapsed="3.612395"/>
</kw>
<test id="s1-s1-s1-t1" name="Scenario: User books a car" line="9">
<kw name="Initialize Test" owner="carRentalResources" type="SETUP">
<kw name="Go To" owner="SeleniumLibrary">
<msg time="2024-02-26T09:45:35.810179" level="INFO">Opening url 'https://rental4.infotiv.net/'</msg>
<arg>${homepage_url}</arg>
<doc>Navigates the current browser window to the provided ``url``.</doc>
<status status="PASS" start="2024-02-26T09:45:35.809039" elapsed="21.900344"/>
</kw>
<doc>Start all test cases from https://rental4.infotiv.net/</doc>
<status status="PASS" start="2024-02-26T09:45:35.807900" elapsed="21.901483"/>
</kw>
<kw name="Given User is on date selection page" owner="carRentalResources">
<kw name="Wait Until Element Contains" owner="SeleniumLibrary">
<arg>//h1[@id='questionText']</arg>
<arg>When do you want to make your trip?</arg>
<doc>Waits until the element ``locator`` contains ``text``.</doc>
<status status="PASS" start="2024-02-26T09:45:57.711065" elapsed="2.066220"/>
</kw>
<tag>date-selection</tag>
<tag>VG_test</tag>
<doc>Date selection - Checks if user is on date selection page</doc>
<status status="PASS" start="2024-02-26T09:45:57.709978" elapsed="2.067307"/>
</kw>
<kw name="When User logs in with valid credentials" owner="carRentalResources">
<kw name="Wait Until Element Is Visible" owner="SeleniumLibrary">
<arg>//input[@id='email']</arg>
<doc>Waits until the element ``locator`` is visible.</doc>
<status status="PASS" start="2024-02-26T09:45:59.780695" elapsed="2.093022"/>
</kw>
<kw name="Wait Until Element Is Visible" owner="SeleniumLibrary">
<arg>//input[@id='password']</arg>
<doc>Waits until the element ``locator`` is visible.</doc>
<status status="PASS" start="2024-02-26T09:46:01.873717" elapsed="2.072060"/>
</kw>
<kw name="Wait Until Element Is Visible" owner="SeleniumLibrary">
<arg>//button[@id='login']</arg>
<doc>Waits until the element ``locator`` is visible.</doc>
<status status="PASS" start="2024-02-26T09:46:03.945777" elapsed="2.074036"/>
</kw>
<kw name="Input Text" owner="SeleniumLibrary">
<msg time="2024-02-26T09:46:06.020977" level="INFO">Typing text 'kungen@slottet.se' into text field '//input[@id='email']'.</msg>
<arg>//input[@id='email']</arg>
<arg>${user_email}</arg>
<doc>Types the given ``text`` into the text field identified by ``locator``.</doc>
<status status="PASS" start="2024-02-26T09:46:06.019813" elapsed="3.343351"/>
</kw>
<kw name="Input Password" owner="SeleniumLibrary">
<msg time="2024-02-26T09:46:09.364395" level="INFO">Typing password into text field '//input[@id='password']'.</msg>
<msg time="2024-02-26T09:46:11.479356" level="INFO">Temporally setting log level to: NONE</msg>
<arg>//input[@id='password']</arg>
<arg>${user_password}</arg>
<doc>Types the given password into the text field identified by ``locator``.</doc>
<status status="PASS" start="2024-02-26T09:46:09.363164" elapsed="3.265091"/>
</kw>
<kw name="Click Button" owner="SeleniumLibrary">
<msg time="2024-02-26T09:46:12.630660" level="INFO">Clicking button '//button[@id='login']'.</msg>
<arg>//button[@id='login']</arg>
<doc>Clicks the button identified by ``locator``.</doc>
<status status="PASS" start="2024-02-26T09:46:12.629476" elapsed="5.387252"/>
</kw>
<kw name="Wait Until Page Contains" owner="SeleniumLibrary">
<arg>You are signed in as ${user_first_name}</arg>
<doc>Waits until ``text`` appears on the current page.</doc>
<status status="PASS" start="2024-02-26T09:46:18.016728" elapsed="1.044326"/>
</kw>
<arg>${valid_user_email}</arg>
<arg>${valid_user_password}</arg>
<arg>${user_first_name}</arg>
<tag>header</tag>
<tag>login</tag>
<tag>VG_test</tag>
<doc>Header - User logs in with valid credentials</doc>
<status status="PASS" start="2024-02-26T09:45:59.779560" elapsed="19.281494"/>
</kw>
<kw name="And User selects rental period" owner="carRentalResources">
<kw name="Get Current Date" owner="DateTime">
<msg time="2024-02-26T09:46:19.066834" level="INFO">${pickup_date} = 2024-02-27</msg>
<var>${pickup_date}</var>
<arg>increment=${days_until_pickup} days</arg>
<arg>result_format=%Y-%m-%d</arg>
<doc>Returns current local or UTC time with an optional increment.</doc>
<status status="PASS" start="2024-02-26T09:46:19.064462" elapsed="0.002372"/>
</kw>
<kw name="Convert Date" owner="DateTime">
<msg time="2024-02-26T09:46:19.077160" level="INFO">${start_date_MMDD} = 0227</msg>
<var>${start_date_MMDD}</var>
<arg>${pickup_date}</arg>
<arg>result_format=%m%d</arg>
<doc>Converts between supported `date formats`.</doc>
<status status="PASS" start="2024-02-26T09:46:19.066834" elapsed="0.010326"/>
</kw>
<kw name="Get Current Date" owner="DateTime">
<msg time="2024-02-26T09:46:19.079441" level="INFO">${end_date_MMDD} = 0305</msg>
<var>${end_date_MMDD}</var>
<arg>increment=${days_until_return} days</arg>
<arg>result_format=%m%d</arg>
<doc>Returns current local or UTC time with an optional increment.</doc>
<status status="PASS" start="2024-02-26T09:46:19.078300" elapsed="0.001141"/>
</kw>
<kw name="Wait Until Element Is Visible" owner="SeleniumLibrary">
<arg>//input[@id='start']</arg>
<doc>Waits until the element ``locator`` is visible.</doc>
<status status="PASS" start="2024-02-26T09:46:19.079441" elapsed="2.071819"/>
</kw>
<kw name="Wait Until Element Is Visible" owner="SeleniumLibrary">
<arg>//input[@id='end']</arg>
<doc>Waits until the element ``locator`` is visible.</doc>
<status status="PASS" start="2024-02-26T09:46:21.151260" elapsed="2.070370"/>
</kw>
<kw name="Wait Until Element Is Visible" owner="SeleniumLibrary">
<arg>//button[@id='continue']</arg>
<doc>Waits until the element ``locator`` is visible.</doc>
<status status="PASS" start="2024-02-26T09:46:23.221630" elapsed="2.070814"/>
</kw>
<kw name="Click Element" owner="SeleniumLibrary">
<msg time="2024-02-26T09:46:25.293672" level="INFO">Clicking element '//input[@id='start']'.</msg>
<arg>//input[@id='start']</arg>
<doc>Click the element identified by ``locator``.</doc>
<status status="PASS" start="2024-02-26T09:46:25.292444" elapsed="2.155335"/>
</kw>
<kw name="Input Text" owner="SeleniumLibrary">
<msg time="2024-02-26T09:46:27.449009" level="INFO">Typing text '0227' into text field '//input[@id='start']'.</msg>
<arg>//input[@id='start']</arg>
<arg>${start_date_MMDD}</arg>
<doc>Types the given ``text`` into the text field identified by ``locator``.</doc>
<status status="PASS" start="2024-02-26T09:46:27.447779" elapsed="3.271419"/>
</kw>
<kw name="Click Element" owner="SeleniumLibrary">
<msg time="2024-02-26T09:46:30.720348" level="INFO">Clicking element '//input[@id='end']'.</msg>
<arg>//input[@id='end']</arg>
<doc>Click the element identified by ``locator``.</doc>
<status status="PASS" start="2024-02-26T09:46:30.720129" elapsed="2.147046"/>
</kw>
<kw name="Input Text" owner="SeleniumLibrary">
<msg time="2024-02-26T09:46:32.868314" level="INFO">Typing text '0305' into text field '//input[@id='end']'.</msg>
<arg>//input[@id='end']</arg>
<arg>${end_date_MMDD}</arg>
<doc>Types the given ``text`` into the text field identified by ``locator``.</doc>
<status status="PASS" start="2024-02-26T09:46:32.867175" elapsed="3.249046"/>
</kw>
<kw name="Click Button" owner="SeleniumLibrary">
<msg time="2024-02-26T09:46:36.117386" level="INFO">Clicking button '//button[@id='continue']'.</msg>
<arg>//button[@id='continue']</arg>
<doc>Clicks the button identified by ``locator``.</doc>
<status status="PASS" start="2024-02-26T09:46:36.116221" elapsed="5.484752"/>
</kw>
<arg>${days_until_pickup}</arg>
<arg>${days_until_return}</arg>
<tag>booking</tag>
<tag>date-selection</tag>
<tag>VG_test</tag>
<doc>Date selection - selects rent period based on days from current date</doc>
<status status="PASS" start="2024-02-26T09:46:19.063463" elapsed="22.537510"/>
</kw>
<kw name="And User selects car" owner="carRentalResources">
<kw name="Wait Until Element Is Visible" owner="SeleniumLibrary">
<arg>//input[@value='${license_number}']/../input[@value='Book']</arg>
<doc>Waits until the element ``locator`` is visible.</doc>
<status status="PASS" start="2024-02-26T09:46:41.604474" elapsed="2.080604"/>
</kw>
<kw name="Click Element" owner="SeleniumLibrary">
<msg time="2024-02-26T09:46:43.687306" level="INFO">Clicking element '//input[@value='DHW439']/../input[@value='Book']'.</msg>
<arg>//input[@value='${license_number}']/../input[@value='Book']</arg>
<doc>Click the element identified by ``locator``.</doc>
<status status="PASS" start="2024-02-26T09:46:43.686089" elapsed="2.183232"/>
</kw>
<arg>${license_number}</arg>
<tag>booking</tag>
<tag>car-selection</tag>
<tag>VG_test</tag>
<doc>Car Selection - Chooses car with license number DHW439</doc>
<status status="PASS" start="2024-02-26T09:46:41.603334" elapsed="4.265987"/>
</kw>
<kw name="And User submits credit card info" owner="carRentalResources">
<kw name="Wait Until Element Is Visible" owner="SeleniumLibrary">
<arg>//input[@id='cardNum']</arg>
<doc>Waits until the element ``locator`` is visible.</doc>
<status status="PASS" start="2024-02-26T09:46:45.873954" elapsed="2.059323"/>
</kw>
<kw name="Wait Until Element Is Visible" owner="SeleniumLibrary">
<arg>//input[@id='fullName']</arg>
<doc>Waits until the element ``locator`` is visible.</doc>
<status status="PASS" start="2024-02-26T09:46:47.933277" elapsed="2.072190"/>
</kw>
<kw name="Wait Until Element Is Visible" owner="SeleniumLibrary">
<arg>//select[@title='Month']</arg>
<doc>Waits until the element ``locator`` is visible.</doc>
<status status="PASS" start="2024-02-26T09:46:50.005467" elapsed="2.072780"/>
</kw>
<kw name="Wait Until Element Is Visible" owner="SeleniumLibrary">
<arg>//select[@title='Year']</arg>
<doc>Waits until the element ``locator`` is visible.</doc>
<status status="PASS" start="2024-02-26T09:46:52.078247" elapsed="2.071327"/>
</kw>
<kw name="Wait Until Element Is Visible" owner="SeleniumLibrary">
<arg>//input[@id='cvc']</arg>
<doc>Waits until the element ``locator`` is visible.</doc>
<status status="PASS" start="2024-02-26T09:46:54.149574" elapsed="2.072299"/>
</kw>
<kw name="Wait Until Element Is Visible" owner="SeleniumLibrary">
<arg>//button[@id='confirm']</arg>
<doc>Waits until the element ``locator`` is visible.</doc>
<status status="PASS" start="2024-02-26T09:46:56.221873" elapsed="2.076258"/>
</kw>
<kw name="Click Element" owner="SeleniumLibrary">
<msg time="2024-02-26T09:46:58.299279" level="INFO">Clicking element '//input[@id='cardNum']'.</msg>
<arg>//input[@id='cardNum']</arg>
<doc>Click the element identified by ``locator``.</doc>
<status status="PASS" start="2024-02-26T09:46:58.299063" elapsed="2.159868"/>
</kw>
<kw name="Input Text" owner="SeleniumLibrary">
<msg time="2024-02-26T09:47:00.460166" level="INFO">Typing text '1234123412341234' into text field '//input[@id='cardNum']'.</msg>
<arg>//input[@id='cardNum']</arg>
<arg>${card_number}</arg>
<doc>Types the given ``text`` into the text field identified by ``locator``.</doc>
<status status="PASS" start="2024-02-26T09:47:00.458931" elapsed="3.229269"/>
</kw>
<kw name="Click Element" owner="SeleniumLibrary">
<msg time="2024-02-26T09:47:03.689430" level="INFO">Clicking element '//input[@id='fullName']'.</msg>
<arg>//input[@id='fullName']</arg>
<doc>Click the element identified by ``locator``.</doc>
<status status="PASS" start="2024-02-26T09:47:03.688200" elapsed="2.151629"/>
</kw>
<kw name="Input Text" owner="SeleniumLibrary">
<msg time="2024-02-26T09:47:05.841063" level="INFO">Typing text 'Carl XVI Gustaf Folke Hubertus Bernadotte' into text field '//input[@id='fullName']'.</msg>
<arg>//input[@id='fullName']</arg>
<arg>${card_holder}</arg>
<doc>Types the given ``text`` into the text field identified by ``locator``.</doc>
<status status="PASS" start="2024-02-26T09:47:05.839829" elapsed="3.273376"/>
</kw>
<kw name="Select From List By Label" owner="SeleniumLibrary">
<msg time="2024-02-26T09:47:09.114355" level="INFO">Selecting options from selection list '//select[@title='Month']' by label 11.</msg>
<arg>//select[@title='Month']</arg>
<arg>${card_expire_month}</arg>
<doc>Selects options from selection list ``locator`` by ``labels``.</doc>
<status status="PASS" start="2024-02-26T09:47:09.113205" elapsed="8.260165"/>
</kw>
<kw name="Select From List By Label" owner="SeleniumLibrary">
<msg time="2024-02-26T09:47:17.374603" level="INFO">Selecting options from selection list '//select[@title='Year']' by label 2025.</msg>
<arg>//select[@title='Year']</arg>
<arg>${card_expire_year}</arg>
<doc>Selects options from selection list ``locator`` by ``labels``.</doc>
<status status="PASS" start="2024-02-26T09:47:17.373370" elapsed="8.224183"/>
</kw>
<kw name="Click Element" owner="SeleniumLibrary">
<msg time="2024-02-26T09:47:25.598704" level="INFO">Clicking element '//input[@id='cvc']'.</msg>
<arg>//input[@id='cvc']</arg>
<doc>Click the element identified by ``locator``.</doc>
<status status="PASS" start="2024-02-26T09:47:25.597553" elapsed="2.169186"/>
</kw>
<kw name="Input Text" owner="SeleniumLibrary">
<msg time="2024-02-26T09:47:27.767888" level="INFO">Typing text '888' into text field '//input[@id='cvc']'.</msg>
<arg>//input[@id='cvc']</arg>
<arg>${card_cvc}</arg>
<doc>Types the given ``text`` into the text field identified by ``locator``.</doc>
<status status="PASS" start="2024-02-26T09:47:27.767673" elapsed="3.201075"/>
</kw>
<kw name="Click Button" owner="SeleniumLibrary">
<msg time="2024-02-26T09:47:30.969979" level="INFO">Clicking button '//button[@id='confirm']'.</msg>
<arg>//button[@id='confirm']</arg>
<doc>Clicks the button identified by ``locator``.</doc>
<status status="PASS" start="2024-02-26T09:47:30.968748" elapsed="5.302764"/>
</kw>
<arg>${card_number}</arg>
<arg>${card_holder}</arg>
<arg>${card_expire_month}</arg>
<arg>${card_expire_year}</arg>
<arg>${card_cvc}</arg>
<tag>booking</tag>
<tag>confirm-booking</tag>
<tag>VG_test</tag>
<doc>Confirm Booking - Fills in credit card info and clicks 'Confirm'</doc>
<status status="PASS" start="2024-02-26T09:46:45.871672" elapsed="50.399840"/>
</kw>
<kw name="Then A confirmation of the booking is shown" owner="carRentalResources">
<kw name="Wait Until Element Is Visible" owner="SeleniumLibrary">
<arg>//button[@id='logout']</arg>
<doc>Waits until the element ``locator`` is visible.</doc>
<status status="PASS" start="2024-02-26T09:47:36.274993" elapsed="2.058094"/>
</kw>
<kw name="Wait Until Page Contains" owner="SeleniumLibrary">
<arg>A ${car_model} is now ready for pickup ${pickup_date}</arg>
<doc>Waits until ``text`` appears on the current page.</doc>
<status status="PASS" start="2024-02-26T09:47:38.333087" elapsed="1.042739"/>
</kw>
<kw name="Click Button" owner="SeleniumLibrary">
<msg time="2024-02-26T09:47:39.376982" level="INFO">Clicking button '//button[@id='logout']'.</msg>
<arg>//button[@id='logout']</arg>
<doc>Clicks the button identified by ``locator``.</doc>
<status status="PASS" start="2024-02-26T09:47:39.376982" elapsed="5.287958"/>
</kw>
<arg>${car_model}</arg>
<arg>${pickup_date}</arg>
<tag>booking</tag>
<tag>successful-booking</tag>
<tag>VG_test</tag>
<doc>Successful Booking - A confirmation of the booking is shown</doc>
<status status="PASS" start="2024-02-26T09:47:36.273841" elapsed="8.391099"/>
</kw>
<status status="PASS" start="2024-02-26T09:45:35.806705" elapsed="128.860563"/>
</test>
<test id="s1-s1-s1-t2" name="Scenario: User tries to log in with invalid credentials" line="17">
<kw name="Initialize Test" owner="carRentalResources" type="SETUP">
<kw name="Go To" owner="SeleniumLibrary">
<msg time="2024-02-26T09:47:44.674435" level="INFO">Opening url 'https://rental4.infotiv.net/'</msg>
<arg>${homepage_url}</arg>
<doc>Navigates the current browser window to the provided ``url``.</doc>
<status status="PASS" start="2024-02-26T09:47:44.674364" elapsed="1.070072"/>
</kw>
<doc>Start all test cases from https://rental4.infotiv.net/</doc>
<status status="PASS" start="2024-02-26T09:47:44.673291" elapsed="1.071145"/>
</kw>
<kw name="Given User is on date selection page" owner="carRentalResources">
<kw name="Wait Until Element Contains" owner="SeleniumLibrary">
<arg>//h1[@id='questionText']</arg>
<arg>When do you want to make your trip?</arg>
<doc>Waits until the element ``locator`` contains ``text``.</doc>
<status status="PASS" start="2024-02-26T09:47:45.747956" elapsed="2.092739"/>
</kw>
<tag>date-selection</tag>
<tag>VG_test</tag>
<doc>Date selection - Checks if user is on date selection page</doc>
<status status="PASS" start="2024-02-26T09:47:45.746814" elapsed="2.093881"/>
</kw>
<kw name="When User tries to log in with invalid credentials" owner="carRentalResources">
<kw name="Wait Until Element Is Visible" owner="SeleniumLibrary">
<arg>//input[@id='email']</arg>
<doc>Waits until the element ``locator`` is visible.</doc>
<status status="PASS" start="2024-02-26T09:47:47.844160" elapsed="2.072309"/>
</kw>
<kw name="Wait Until Element Is Visible" owner="SeleniumLibrary">
<arg>//input[@id='password']</arg>
<doc>Waits until the element ``locator`` is visible.</doc>
<status status="PASS" start="2024-02-26T09:47:49.916469" elapsed="2.073507"/>
</kw>
<kw name="Wait Until Element Is Visible" owner="SeleniumLibrary">
<arg>//button[@id='login']</arg>
<doc>Waits until the element ``locator`` is visible.</doc>
<status status="PASS" start="2024-02-26T09:47:51.989976" elapsed="2.072291"/>
</kw>
<kw name="Input Text" owner="SeleniumLibrary">
<msg time="2024-02-26T09:47:54.063421" level="INFO">Typing text 'drottningen@slottet.se' into text field '//input[@id='email']'.</msg>
<arg>//input[@id='email']</arg>
<arg>${user_email}</arg>
<doc>Types the given ``text`` into the text field identified by ``locator``.</doc>
<status status="PASS" start="2024-02-26T09:47:54.063198" elapsed="3.287763"/>
</kw>
<kw name="Input Password" owner="SeleniumLibrary">
<msg time="2024-02-26T09:47:57.352102" level="INFO">Typing password into text field '//input[@id='password']'.</msg>
<msg time="2024-02-26T09:47:59.462048" level="INFO">Temporally setting log level to: NONE</msg>
<arg>//input[@id='password']</arg>
<arg>${user_password}</arg>
<doc>Types the given password into the text field identified by ``locator``.</doc>
<status status="PASS" start="2024-02-26T09:47:57.350961" elapsed="3.264485"/>
</kw>
<kw name="Click Button" owner="SeleniumLibrary">
<msg time="2024-02-26T09:48:00.616675" level="INFO">Clicking button '//button[@id='login']'.</msg>
<arg>//button[@id='login']</arg>
<doc>Clicks the button identified by ``locator``.</doc>
<status status="PASS" start="2024-02-26T09:48:00.616675" elapsed="5.294417"/>
</kw>
<arg>${invalid_user_email}</arg>
<arg>${invalid_user_password}</arg>
<tag>header</tag>
<tag>login</tag>
<doc>Header - User tries to log in in with invalid credentials</doc>
<status status="PASS" start="2024-02-26T09:47:47.843020" elapsed="18.068072"/>
</kw>
<kw name="Then An error message appears to the left of the buttons" owner="carRentalResources">
<kw name="Wait Until Element Contains" owner="SeleniumLibrary">
<arg>//label[@id='signInError']</arg>
<arg>Wrong e-mail or password</arg>
<doc>Waits until the element ``locator`` contains ``text``.</doc>
<status status="PASS" start="2024-02-26T09:48:05.914535" elapsed="2.082996"/>
</kw>
<tag>header</tag>
<tag>login</tag>
<doc>Header - Checks for error message to the left of the buttons</doc>
<status status="PASS" start="2024-02-26T09:48:05.913389" elapsed="2.084142"/>
</kw>
<status status="PASS" start="2024-02-26T09:47:44.670930" elapsed="23.328905"/>
</test>
<test id="s1-s1-s1-t3" name="Scenario: User tries to book car without being logged in" line="22">
<kw name="Initialize Test" owner="carRentalResources" type="SETUP">
<kw name="Go To" owner="SeleniumLibrary">
<msg time="2024-02-26T09:48:08.006990" level="INFO">Opening url 'https://rental4.infotiv.net/'</msg>
<arg>${homepage_url}</arg>
<doc>Navigates the current browser window to the provided ``url``.</doc>
<status status="PASS" start="2024-02-26T09:48:08.005749" elapsed="1.067258"/>
</kw>
<doc>Start all test cases from https://rental4.infotiv.net/</doc>
<status status="PASS" start="2024-02-26T09:48:08.005663" elapsed="1.067344"/>
</kw>
<kw name="Given User is on date selection page" owner="carRentalResources">
<kw name="Wait Until Element Contains" owner="SeleniumLibrary">
<arg>//h1[@id='questionText']</arg>
<arg>When do you want to make your trip?</arg>
<doc>Waits until the element ``locator`` contains ``text``.</doc>
<status status="PASS" start="2024-02-26T09:48:09.076550" elapsed="2.057809"/>
</kw>
<tag>date-selection</tag>
<tag>VG_test</tag>
<doc>Date selection - Checks if user is on date selection page</doc>
<status status="PASS" start="2024-02-26T09:48:09.075411" elapsed="2.058948"/>
</kw>
<kw name="When User selects rental period" owner="carRentalResources">
<kw name="Get Current Date" owner="DateTime">
<msg time="2024-02-26T09:48:11.140174" level="INFO">${pickup_date} = 2024-02-27</msg>
<var>${pickup_date}</var>
<arg>increment=${days_until_pickup} days</arg>
<arg>result_format=%Y-%m-%d</arg>
<doc>Returns current local or UTC time with an optional increment.</doc>
<status status="PASS" start="2024-02-26T09:48:11.137892" elapsed="0.002282"/>
</kw>
<kw name="Convert Date" owner="DateTime">
<msg time="2024-02-26T09:48:11.141315" level="INFO">${start_date_MMDD} = 0227</msg>
<var>${start_date_MMDD}</var>
<arg>${pickup_date}</arg>
<arg>result_format=%m%d</arg>
<doc>Converts between supported `date formats`.</doc>
<status status="PASS" start="2024-02-26T09:48:11.140174" elapsed="0.001141"/>
</kw>
<kw name="Get Current Date" owner="DateTime">
<msg time="2024-02-26T09:48:11.143597" level="INFO">${end_date_MMDD} = 0305</msg>
<var>${end_date_MMDD}</var>
<arg>increment=${days_until_return} days</arg>
<arg>result_format=%m%d</arg>
<doc>Returns current local or UTC time with an optional increment.</doc>
<status status="PASS" start="2024-02-26T09:48:11.142455" elapsed="0.001142"/>
</kw>
<kw name="Wait Until Element Is Visible" owner="SeleniumLibrary">
<arg>//input[@id='start']</arg>
<doc>Waits until the element ``locator`` is visible.</doc>
<status status="PASS" start="2024-02-26T09:48:11.143597" elapsed="2.071989"/>
</kw>
<kw name="Wait Until Element Is Visible" owner="SeleniumLibrary">
<arg>//input[@id='end']</arg>
<doc>Waits until the element ``locator`` is visible.</doc>
<status status="PASS" start="2024-02-26T09:48:13.216607" elapsed="2.070361"/>
</kw>
<kw name="Wait Until Element Is Visible" owner="SeleniumLibrary">
<arg>//button[@id='continue']</arg>
<doc>Waits until the element ``locator`` is visible.</doc>
<status status="PASS" start="2024-02-26T09:48:15.286968" elapsed="2.071440"/>
</kw>
<kw name="Click Element" owner="SeleniumLibrary">
<msg time="2024-02-26T09:48:17.359633" level="INFO">Clicking element '//input[@id='start']'.</msg>
<arg>//input[@id='start']</arg>
<doc>Click the element identified by ``locator``.</doc>
<status status="PASS" start="2024-02-26T09:48:17.358408" elapsed="2.158050"/>
</kw>
<kw name="Input Text" owner="SeleniumLibrary">
<msg time="2024-02-26T09:48:19.517612" level="INFO">Typing text '0227' into text field '//input[@id='start']'.</msg>
<arg>//input[@id='start']</arg>
<arg>${start_date_MMDD}</arg>
<doc>Types the given ``text`` into the text field identified by ``locator``.</doc>
<status status="PASS" start="2024-02-26T09:48:19.516458" elapsed="3.254910"/>
</kw>
<kw name="Click Element" owner="SeleniumLibrary">
<msg time="2024-02-26T09:48:22.772514" level="INFO">Clicking element '//input[@id='end']'.</msg>
<arg>//input[@id='end']</arg>
<doc>Click the element identified by ``locator``.</doc>
<status status="PASS" start="2024-02-26T09:48:22.771368" elapsed="2.149265"/>
</kw>
<kw name="Input Text" owner="SeleniumLibrary">
<msg time="2024-02-26T09:48:24.921861" level="INFO">Typing text '0305' into text field '//input[@id='end']'.</msg>
<arg>//input[@id='end']</arg>
<arg>${end_date_MMDD}</arg>
<doc>Types the given ``text`` into the text field identified by ``locator``.</doc>
<status status="PASS" start="2024-02-26T09:48:24.920633" elapsed="3.250191"/>
</kw>
<kw name="Click Button" owner="SeleniumLibrary">
<msg time="2024-02-26T09:48:28.172054" level="INFO">Clicking button '//button[@id='continue']'.</msg>
<arg>//button[@id='continue']</arg>
<doc>Clicks the button identified by ``locator``.</doc>
<status status="PASS" start="2024-02-26T09:48:28.170824" elapsed="5.495594"/>
</kw>
<arg>${days_until_pickup}</arg>
<arg>${days_until_return}</arg>
<tag>booking</tag>
<tag>date-selection</tag>
<tag>VG_test</tag>
<doc>Date selection - selects rent period based on days from current date</doc>
<status status="PASS" start="2024-02-26T09:48:11.136751" elapsed="22.529667"/>
</kw>
<kw name="And User selects car" owner="carRentalResources">
<kw name="Wait Until Element Is Visible" owner="SeleniumLibrary">
<arg>//input[@value='${license_number}']/../input[@value='Book']</arg>
<doc>Waits until the element ``locator`` is visible.</doc>
<status status="PASS" start="2024-02-26T09:48:33.669920" elapsed="2.076768"/>
</kw>
<kw name="Click Element" owner="SeleniumLibrary">
<msg time="2024-02-26T09:48:35.747905" level="INFO">Clicking element '//input[@value='CEA328']/../input[@value='Book']'.</msg>
<arg>//input[@value='${license_number}']/../input[@value='Book']</arg>
<doc>Click the element identified by ``locator``.</doc>
<status status="PASS" start="2024-02-26T09:48:35.746688" elapsed="2.175247"/>
</kw>
<arg>${license_number2}</arg>
<tag>booking</tag>
<tag>car-selection</tag>
<tag>VG_test</tag>
<doc>Car Selection - Chooses car with license number DHW439</doc>
<status status="PASS" start="2024-02-26T09:48:33.668779" elapsed="4.253156"/>
</kw>
<kw name="Then An error message appears on the page" owner="carRentalResources">
<kw name="Alert Should Be Present" owner="SeleniumLibrary">
<msg time="2024-02-26T09:48:37.925330" level="INFO">HANDLE::&lt;class 'NoneType'&gt;::None</msg>
<arg>You need to be logged in to continue.</arg>
<doc>Verifies that an alert is present and by default, accepts it.</doc>
<status status="PASS" start="2024-02-26T09:48:37.925330" elapsed="3.015533"/>
</kw>
<tag>booking</tag>
<tag>car-selection</tag>
<doc>Car Selection - If the user isn't signed in an alert box with an error message appears on the page</doc>
<status status="PASS" start="2024-02-26T09:48:37.924186" elapsed="3.016677"/>
</kw>
<status status="PASS" start="2024-02-26T09:48:08.003261" elapsed="32.939836"/>
</test>
<test id="s1-s1-s1-t4" name="Scenario: User books a car and then cancels booking" line="28">
<kw name="Initialize Test" owner="carRentalResources" type="SETUP">
<kw name="Go To" owner="SeleniumLibrary">
<msg time="2024-02-26T09:48:40.949392" level="INFO">Opening url 'https://rental4.infotiv.net/'</msg>
<arg>${homepage_url}</arg>
<doc>Navigates the current browser window to the provided ``url``.</doc>
<status status="PASS" start="2024-02-26T09:48:40.949392" elapsed="1.085476"/>
</kw>
<doc>Start all test cases from https://rental4.infotiv.net/</doc>
<status status="PASS" start="2024-02-26T09:48:40.948250" elapsed="1.086618"/>
</kw>
<kw name="Given User is on date selection page" owner="carRentalResources">
<kw name="Wait Until Element Contains" owner="SeleniumLibrary">
<arg>//h1[@id='questionText']</arg>
<arg>When do you want to make your trip?</arg>
<doc>Waits until the element ``locator`` contains ``text``.</doc>
<status status="PASS" start="2024-02-26T09:48:42.038362" elapsed="2.058399"/>
</kw>
<tag>date-selection</tag>
<tag>VG_test</tag>
<doc>Date selection - Checks if user is on date selection page</doc>
<status status="PASS" start="2024-02-26T09:48:42.037223" elapsed="2.059538"/>
</kw>
<kw name="When User logs in with valid credentials" owner="carRentalResources">
<kw name="Wait Until Element Is Visible" owner="SeleniumLibrary">
<arg>//input[@id='email']</arg>
<doc>Waits until the element ``locator`` is visible.</doc>
<status status="PASS" start="2024-02-26T09:48:44.100268" elapsed="2.075300"/>
</kw>
<kw name="Wait Until Element Is Visible" owner="SeleniumLibrary">
<arg>//input[@id='password']</arg>
<doc>Waits until the element ``locator`` is visible.</doc>
<status status="PASS" start="2024-02-26T09:48:46.176501" elapsed="2.072546"/>
</kw>
<kw name="Wait Until Element Is Visible" owner="SeleniumLibrary">
<arg>//button[@id='login']</arg>
<doc>Waits until the element ``locator`` is visible.</doc>
<status status="PASS" start="2024-02-26T09:48:48.249047" elapsed="2.073440"/>
</kw>
<kw name="Input Text" owner="SeleniumLibrary">
<msg time="2024-02-26T09:48:50.322487" level="INFO">Typing text 'kungen@slottet.se' into text field '//input[@id='email']'.</msg>
<arg>//input[@id='email']</arg>
<arg>${user_email}</arg>
<doc>Types the given ``text`` into the text field identified by ``locator``.</doc>
<status status="PASS" start="2024-02-26T09:48:50.322487" elapsed="3.241577"/>
</kw>
<kw name="Input Password" owner="SeleniumLibrary">
<msg time="2024-02-26T09:48:53.565300" level="INFO">Typing password into text field '//input[@id='password']'.</msg>
<msg time="2024-02-26T09:48:55.677474" level="INFO">Temporally setting log level to: NONE</msg>
<arg>//input[@id='password']</arg>
<arg>${user_password}</arg>
<doc>Types the given password into the text field identified by ``locator``.</doc>
<status status="PASS" start="2024-02-26T09:48:53.564064" elapsed="3.259079"/>
</kw>
<kw name="Click Button" owner="SeleniumLibrary">
<msg time="2024-02-26T09:48:56.825434" level="INFO">Clicking button '//button[@id='login']'.</msg>
<arg>//button[@id='login']</arg>
<doc>Clicks the button identified by ``locator``.</doc>
<status status="PASS" start="2024-02-26T09:48:56.824289" elapsed="5.383339"/>
</kw>
<kw name="Wait Until Page Contains" owner="SeleniumLibrary">
<arg>You are signed in as ${user_first_name}</arg>
<doc>Waits until ``text`` appears on the current page.</doc>
<status status="PASS" start="2024-02-26T09:49:02.208558" elapsed="1.044479"/>
</kw>
<arg>${valid_user_email}</arg>
<arg>${valid_user_password}</arg>
<arg>${user_first_name}</arg>
<tag>header</tag>
<tag>login</tag>
<tag>VG_test</tag>
<doc>Header - User logs in with valid credentials</doc>
<status status="PASS" start="2024-02-26T09:48:44.099058" elapsed="19.153979"/>
</kw>
<kw name="And User selects rental period" owner="carRentalResources">
<kw name="Get Current Date" owner="DateTime">
<msg time="2024-02-26T09:49:03.258708" level="INFO">${pickup_date} = 2024-02-27</msg>
<var>${pickup_date}</var>
<arg>increment=${days_until_pickup} days</arg>
<arg>result_format=%Y-%m-%d</arg>
<doc>Returns current local or UTC time with an optional increment.</doc>
<status status="PASS" start="2024-02-26T09:49:03.257463" elapsed="0.001245"/>
</kw>
<kw name="Convert Date" owner="DateTime">
<msg time="2024-02-26T09:49:03.259850" level="INFO">${start_date_MMDD} = 0227</msg>
<var>${start_date_MMDD}</var>
<arg>${pickup_date}</arg>
<arg>result_format=%m%d</arg>
<doc>Converts between supported `date formats`.</doc>
<status status="PASS" start="2024-02-26T09:49:03.258708" elapsed="0.001142"/>
</kw>
<kw name="Get Current Date" owner="DateTime">
<msg time="2024-02-26T09:49:03.262131" level="INFO">${end_date_MMDD} = 0305</msg>
<var>${end_date_MMDD}</var>
<arg>increment=${days_until_return} days</arg>
<arg>result_format=%m%d</arg>
<doc>Returns current local or UTC time with an optional increment.</doc>
<status status="PASS" start="2024-02-26T09:49:03.260991" elapsed="0.001140"/>
</kw>
<kw name="Wait Until Element Is Visible" owner="SeleniumLibrary">
<arg>//input[@id='start']</arg>
<doc>Waits until the element ``locator`` is visible.</doc>
<status status="PASS" start="2024-02-26T09:49:03.263272" elapsed="2.058895"/>
</kw>
<kw name="Wait Until Element Is Visible" owner="SeleniumLibrary">
<arg>//input[@id='end']</arg>
<doc>Waits until the element ``locator`` is visible.</doc>
<status status="PASS" start="2024-02-26T09:49:05.323097" elapsed="2.039822"/>
</kw>
<kw name="Wait Until Element Is Visible" owner="SeleniumLibrary">
<arg>//button[@id='continue']</arg>
<doc>Waits until the element ``locator`` is visible.</doc>
<status status="PASS" start="2024-02-26T09:49:07.363849" elapsed="2.057341"/>
</kw>
<kw name="Click Element" owner="SeleniumLibrary">
<msg time="2024-02-26T09:49:09.422418" level="INFO">Clicking element '//input[@id='start']'.</msg>
<arg>//input[@id='start']</arg>
<doc>Click the element identified by ``locator``.</doc>
<status status="PASS" start="2024-02-26T09:49:09.422218" elapsed="2.140845"/>
</kw>
<kw name="Input Text" owner="SeleniumLibrary">
<msg time="2024-02-26T09:49:11.564294" level="INFO">Typing text '0227' into text field '//input[@id='start']'.</msg>
<arg>//input[@id='start']</arg>
<arg>${start_date_MMDD}</arg>
<doc>Types the given ``text`` into the text field identified by ``locator``.</doc>
<status status="PASS" start="2024-02-26T09:49:11.563063" elapsed="3.253487"/>
</kw>
<kw name="Click Element" owner="SeleniumLibrary">
<msg time="2024-02-26T09:49:14.817774" level="INFO">Clicking element '//input[@id='end']'.</msg>
<arg>//input[@id='end']</arg>
<doc>Click the element identified by ``locator``.</doc>
<status status="PASS" start="2024-02-26T09:49:14.816550" elapsed="2.147639"/>
</kw>
<kw name="Input Text" owner="SeleniumLibrary">
<msg time="2024-02-26T09:49:16.965419" level="INFO">Typing text '0305' into text field '//input[@id='end']'.</msg>
<arg>//input[@id='end']</arg>
<arg>${end_date_MMDD}</arg>
<doc>Types the given ``text`` into the text field identified by ``locator``.</doc>
<status status="PASS" start="2024-02-26T09:49:16.964189" elapsed="3.253319"/>
</kw>
<kw name="Click Button" owner="SeleniumLibrary">
<msg time="2024-02-26T09:49:20.218661" level="INFO">Clicking button '//button[@id='continue']'.</msg>
<arg>//button[@id='continue']</arg>
<doc>Clicks the button identified by ``locator``.</doc>
<status status="PASS" start="2024-02-26T09:49:20.217508" elapsed="5.414638"/>
</kw>
<arg>${days_until_pickup}</arg>
<arg>${days_until_return}</arg>
<tag>booking</tag>
<tag>date-selection</tag>
<tag>VG_test</tag>
<doc>Date selection - selects rent period based on days from current date</doc>
<status status="PASS" start="2024-02-26T09:49:03.255287" elapsed="22.376859"/>
</kw>
<kw name="And User selects car" owner="carRentalResources">
<kw name="Wait Until Element Is Visible" owner="SeleniumLibrary">
<arg>//input[@value='${license_number}']/../input[@value='Book']</arg>
<doc>Waits until the element ``locator`` is visible.</doc>
<status status="PASS" start="2024-02-26T09:49:25.635597" elapsed="2.063515"/>
</kw>
<kw name="Click Element" owner="SeleniumLibrary">
<msg time="2024-02-26T09:49:27.700334" level="INFO">Clicking element '//input[@value='CEA328']/../input[@value='Book']'.</msg>
<arg>//input[@value='${license_number}']/../input[@value='Book']</arg>
<doc>Click the element identified by ``locator``.</doc>
<status status="PASS" start="2024-02-26T09:49:27.699112" elapsed="2.274735"/>
</kw>
<arg>${license_number2}</arg>
<tag>booking</tag>
<tag>car-selection</tag>
<tag>VG_test</tag>
<doc>Car Selection - Chooses car with license number DHW439</doc>
<status status="PASS" start="2024-02-26T09:49:25.634439" elapsed="4.339408"/>
</kw>
<kw name="And User submits credit card info" owner="carRentalResources">
<kw name="Wait Until Element Is Visible" owner="SeleniumLibrary">
<arg>//input[@id='cardNum']</arg>
<doc>Waits until the element ``locator`` is visible.</doc>
<status status="PASS" start="2024-02-26T09:49:29.979597" elapsed="2.080828"/>
</kw>
<kw name="Wait Until Element Is Visible" owner="SeleniumLibrary">
<arg>//input[@id='fullName']</arg>
<doc>Waits until the element ``locator`` is visible.</doc>
<status status="PASS" start="2024-02-26T09:49:32.061440" elapsed="2.075343"/>
</kw>
<kw name="Wait Until Element Is Visible" owner="SeleniumLibrary">
<arg>//select[@title='Month']</arg>
<doc>Waits until the element ``locator`` is visible.</doc>
<status status="PASS" start="2024-02-26T09:49:34.136783" elapsed="2.073764"/>
</kw>
<kw name="Wait Until Element Is Visible" owner="SeleniumLibrary">
<arg>//select[@title='Year']</arg>
<doc>Waits until the element ``locator`` is visible.</doc>
<status status="PASS" start="2024-02-26T09:49:36.210547" elapsed="2.073450"/>
</kw>
<kw name="Wait Until Element Is Visible" owner="SeleniumLibrary">
<arg>//input[@id='cvc']</arg>
<doc>Waits until the element ``locator`` is visible.</doc>
<status status="PASS" start="2024-02-26T09:49:38.283997" elapsed="2.072361"/>
</kw>
<kw name="Wait Until Element Is Visible" owner="SeleniumLibrary">
<arg>//button[@id='confirm']</arg>
<doc>Waits until the element ``locator`` is visible.</doc>
<status status="PASS" start="2024-02-26T09:49:40.356358" elapsed="2.072188"/>
</kw>
<kw name="Click Element" owner="SeleniumLibrary">
<msg time="2024-02-26T09:49:42.429777" level="INFO">Clicking element '//input[@id='cardNum']'.</msg>
<arg>//input[@id='cardNum']</arg>
<doc>Click the element identified by ``locator``.</doc>
<status status="PASS" start="2024-02-26T09:49:42.428546" elapsed="2.157314"/>
</kw>
<kw name="Input Text" owner="SeleniumLibrary">
<msg time="2024-02-26T09:49:44.587003" level="INFO">Typing text '1234123412341234' into text field '//input[@id='cardNum']'.</msg>
<arg>//input[@id='cardNum']</arg>
<arg>${card_number}</arg>
<doc>Types the given ``text`` into the text field identified by ``locator``.</doc>
<status status="PASS" start="2024-02-26T09:49:44.585860" elapsed="3.221658"/>
</kw>
<kw name="Click Element" owner="SeleniumLibrary">
<msg time="2024-02-26T09:49:47.808675" level="INFO">Clicking element '//input[@id='fullName']'.</msg>
<arg>//input[@id='fullName']</arg>
<doc>Click the element identified by ``locator``.</doc>
<status status="PASS" start="2024-02-26T09:49:47.807518" elapsed="2.152620"/>
</kw>
<kw name="Input Text" owner="SeleniumLibrary">
<msg time="2024-02-26T09:49:49.961305" level="INFO">Typing text 'Carl XVI Gustaf Folke Hubertus Bernadotte' into text field '//input[@id='fullName']'.</msg>
<arg>//input[@id='fullName']</arg>
<arg>${card_holder}</arg>
<doc>Types the given ``text`` into the text field identified by ``locator``.</doc>
<status status="PASS" start="2024-02-26T09:49:49.960138" elapsed="3.252596"/>
</kw>
<kw name="Select From List By Label" owner="SeleniumLibrary">
<msg time="2024-02-26T09:49:53.213941" level="INFO">Selecting options from selection list '//select[@title='Month']' by label 11.</msg>
<arg>//select[@title='Month']</arg>
<arg>${card_expire_month}</arg>
<doc>Selects options from selection list ``locator`` by ``labels``.</doc>
<status status="PASS" start="2024-02-26T09:49:53.212734" elapsed="8.262537"/>
</kw>
<kw name="Select From List By Label" owner="SeleniumLibrary">
<msg time="2024-02-26T09:50:01.476424" level="INFO">Selecting options from selection list '//select[@title='Year']' by label 2025.</msg>
<arg>//select[@title='Year']</arg>
<arg>${card_expire_year}</arg>
<doc>Selects options from selection list ``locator`` by ``labels``.</doc>
<status status="PASS" start="2024-02-26T09:50:01.475271" elapsed="8.226615"/>
</kw>
<kw name="Click Element" owner="SeleniumLibrary">
<msg time="2024-02-26T09:50:09.703037" level="INFO">Clicking element '//input[@id='cvc']'.</msg>
<arg>//input[@id='cvc']</arg>
<doc>Click the element identified by ``locator``.</doc>
<status status="PASS" start="2024-02-26T09:50:09.702817" elapsed="2.156703"/>
</kw>
<kw name="Input Text" owner="SeleniumLibrary">
<msg time="2024-02-26T09:50:11.860745" level="INFO">Typing text '888' into text field '//input[@id='cvc']'.</msg>
<arg>//input[@id='cvc']</arg>
<arg>${card_cvc}</arg>
<doc>Types the given ``text`` into the text field identified by ``locator``.</doc>
<status status="PASS" start="2024-02-26T09:50:11.859520" elapsed="3.208048"/>
</kw>
<kw name="Click Button" owner="SeleniumLibrary">
<msg time="2024-02-26T09:50:15.068800" level="INFO">Clicking button '//button[@id='confirm']'.</msg>
<arg>//button[@id='confirm']</arg>
<doc>Clicks the button identified by ``locator``.</doc>
<status status="PASS" start="2024-02-26T09:50:15.067568" elapsed="5.286174"/>
</kw>
<arg>${card_number}</arg>
<arg>${card_holder}</arg>
<arg>${card_expire_month}</arg>
<arg>${card_expire_year}</arg>
<arg>${card_cvc}</arg>
<tag>booking</tag>
<tag>confirm-booking</tag>
<tag>VG_test</tag>
<doc>Confirm Booking - Fills in credit card info and clicks 'Confirm'</doc>
<status status="PASS" start="2024-02-26T09:49:29.977139" elapsed="50.376603"/>
</kw>
<kw name="And User cancels booking on 'My page'" owner="carRentalResources">
<kw name="Wait Until Element Is Visible" owner="SeleniumLibrary">
<arg>//button[@id='mypage']</arg>
<doc>Waits until the element ``locator`` is visible.</doc>
<status status="PASS" start="2024-02-26T09:50:20.357279" elapsed="2.075302"/>
</kw>
<kw name="Click Button" owner="SeleniumLibrary">
<msg time="2024-02-26T09:50:22.433810" level="INFO">Clicking button '//button[@id='mypage']'.</msg>
<arg>//button[@id='mypage']</arg>
<doc>Clicks the button identified by ``locator``.</doc>
<status status="PASS" start="2024-02-26T09:50:22.432581" elapsed="7.316395"/>
</kw>
<kw name="Wait Until Element Is Visible" owner="SeleniumLibrary">
<arg>xpath=//input[@value='${license_number}']/../button[text()='Cancel booking']</arg>
<doc>Waits until the element ``locator`` is visible.</doc>
<status status="PASS" start="2024-02-26T09:50:29.748976" elapsed="2.074659"/>
</kw>
<kw name="Click Button" owner="SeleniumLibrary">
<msg time="2024-02-26T09:50:31.824793" level="INFO">Clicking button 'xpath=//input[@value='CEA328']/../button[text()='Cancel booking']'.</msg>
<arg>xpath=//input[@value='${license_number}']/../button[text()='Cancel booking']</arg>
<doc>Clicks the button identified by ``locator``.</doc>
<status status="PASS" start="2024-02-26T09:50:31.823635" elapsed="5.208785"/>
</kw>
<kw name="Handle Alert" owner="SeleniumLibrary">
<msg time="2024-02-26T09:50:37.033651" level="INFO">HANDLE::&lt;class 'NoneType'&gt;::None</msg>
<doc>Handles the current alert and returns its message.</doc>
<status status="PASS" start="2024-02-26T09:50:37.032420" elapsed="3.015925"/>
</kw>
<arg>${license_number2}</arg>
<tag>cancellation</tag>
<tag>my-page</tag>
<doc>My Page - User goes to 'My page' and clicks 'Cancel booking' for the recently booked car</doc>
<status status="PASS" start="2024-02-26T09:50:20.356134" elapsed="19.692211"/>
</kw>
<kw name="Then A confirmation of the cancellation is shown" owner="carRentalResources">
<kw name="Wait Until Element Is Visible" owner="SeleniumLibrary">
<arg>//button[@id='logout']</arg>
<doc>Waits until the element ``locator`` is visible.</doc>
<status status="PASS" start="2024-02-26T09:50:40.051935" elapsed="2.075464"/>
</kw>
<kw name="Wait Until Page Contains" owner="SeleniumLibrary">
<arg>Your car: ${license_number} has been Returned</arg>
<doc>Waits until ``text`` appears on the current page.</doc>
<status status="PASS" start="2024-02-26T09:50:42.127399" elapsed="1.049873"/>
</kw>
<kw name="Click Button" owner="SeleniumLibrary">
<msg time="2024-02-26T09:50:43.178432" level="INFO">Clicking button '//button[@id='logout']'.</msg>
<arg>//button[@id='logout']</arg>
<doc>Clicks the button identified by ``locator``.</doc>
<status status="PASS" start="2024-02-26T09:50:43.177272" elapsed="5.283371"/>
</kw>
<arg>${license_number2}</arg>
<tag>cancellation</tag>
<tag>my-page</tag>
<doc>My Page - A confirmation of the cancellation is shown on the page</doc>
<status status="PASS" start="2024-02-26T09:50:40.050720" elapsed="8.409923"/>
</kw>
<status status="PASS" start="2024-02-26T09:48:40.945971" elapsed="127.517029"/>
</test>
<test id="s1-s1-s1-t5" name="Scenario: User filters available cars by two makes" line="37">
<kw name="Initialize Test" owner="carRentalResources" type="SETUP">
<kw name="Go To" owner="SeleniumLibrary">
<msg time="2024-02-26T09:50:48.469975" level="INFO">Opening url 'https://rental4.infotiv.net/'</msg>
<arg>${homepage_url}</arg>
<doc>Navigates the current browser window to the provided ``url``.</doc>
<status status="PASS" start="2024-02-26T09:50:48.468835" elapsed="1.091803"/>
</kw>
<doc>Start all test cases from https://rental4.infotiv.net/</doc>
<status status="PASS" start="2024-02-26T09:50:48.468666" elapsed="1.091972"/>
</kw>
<kw name="Given User is on date selection page" owner="carRentalResources">
<kw name="Wait Until Element Contains" owner="SeleniumLibrary">
<arg>//h1[@id='questionText']</arg>
<arg>When do you want to make your trip?</arg>
<doc>Waits until the element ``locator`` contains ``text``.</doc>
<status status="PASS" start="2024-02-26T09:50:49.564171" elapsed="2.080999"/>
</kw>
<tag>date-selection</tag>
<tag>VG_test</tag>
<doc>Date selection - Checks if user is on date selection page</doc>
<status status="PASS" start="2024-02-26T09:50:49.563031" elapsed="2.082139"/>
</kw>
<kw name="When User selects rental period" owner="carRentalResources">
<kw name="Get Current Date" owner="DateTime">
<msg time="2024-02-26T09:50:51.649901" level="INFO">${pickup_date} = 2024-02-27</msg>
<var>${pickup_date}</var>
<arg>increment=${days_until_pickup} days</arg>
<arg>result_format=%Y-%m-%d</arg>
<doc>Returns current local or UTC time with an optional increment.</doc>
<status status="PASS" start="2024-02-26T09:50:51.648695" elapsed="0.001206"/>
</kw>
<kw name="Convert Date" owner="DateTime">
<msg time="2024-02-26T09:50:51.652180" level="INFO">${start_date_MMDD} = 0227</msg>
<var>${start_date_MMDD}</var>
<arg>${pickup_date}</arg>
<arg>result_format=%m%d</arg>
<doc>Converts between supported `date formats`.</doc>
<status status="PASS" start="2024-02-26T09:50:51.651038" elapsed="0.001142"/>
</kw>
<kw name="Get Current Date" owner="DateTime">
<msg time="2024-02-26T09:50:51.654357" level="INFO">${end_date_MMDD} = 0305</msg>
<var>${end_date_MMDD}</var>
<arg>increment=${days_until_return} days</arg>
<arg>result_format=%m%d</arg>
<doc>Returns current local or UTC time with an optional increment.</doc>
<status status="PASS" start="2024-02-26T09:50:51.652180" elapsed="0.002281"/>
</kw>
<kw name="Wait Until Element Is Visible" owner="SeleniumLibrary">
<arg>//input[@id='start']</arg>
<doc>Waits until the element ``locator`` is visible.</doc>
<status status="PASS" start="2024-02-26T09:50:51.654461" elapsed="2.080405"/>
</kw>
<kw name="Wait Until Element Is Visible" owner="SeleniumLibrary">
<arg>//input[@id='end']</arg>
<doc>Waits until the element ``locator`` is visible.</doc>
<status status="PASS" start="2024-02-26T09:50:53.734866" elapsed="2.076138"/>
</kw>
<kw name="Wait Until Element Is Visible" owner="SeleniumLibrary">
<arg>//button[@id='continue']</arg>
<doc>Waits until the element ``locator`` is visible.</doc>
<status status="PASS" start="2024-02-26T09:50:55.811004" elapsed="2.079384"/>
</kw>
<kw name="Click Element" owner="SeleniumLibrary">
<msg time="2024-02-26T09:50:57.891552" level="INFO">Clicking element '//input[@id='start']'.</msg>
<arg>//input[@id='start']</arg>
<doc>Click the element identified by ``locator``.</doc>
<status status="PASS" start="2024-02-26T09:50:57.890388" elapsed="2.168749"/>
</kw>
<kw name="Input Text" owner="SeleniumLibrary">
<msg time="2024-02-26T09:51:00.060303" level="INFO">Typing text '0227' into text field '//input[@id='start']'.</msg>
<arg>//input[@id='start']</arg>
<arg>${start_date_MMDD}</arg>
<doc>Types the given ``text`` into the text field identified by ``locator``.</doc>
<status status="PASS" start="2024-02-26T09:51:00.059137" elapsed="3.259124"/>
</kw>
<kw name="Click Element" owner="SeleniumLibrary">
<msg time="2024-02-26T09:51:03.319449" level="INFO">Clicking element '//input[@id='end']'.</msg>
<arg>//input[@id='end']</arg>
<doc>Click the element identified by ``locator``.</doc>
<status status="PASS" start="2024-02-26T09:51:03.318261" elapsed="2.156339"/>
</kw>
<kw name="Input Text" owner="SeleniumLibrary">
<msg time="2024-02-26T09:51:05.475825" level="INFO">Typing text '0305' into text field '//input[@id='end']'.</msg>
<arg>//input[@id='end']</arg>
<arg>${end_date_MMDD}</arg>
<doc>Types the given ``text`` into the text field identified by ``locator``.</doc>
<status status="PASS" start="2024-02-26T09:51:05.474600" elapsed="3.246996"/>
</kw>
<kw name="Click Button" owner="SeleniumLibrary">
<msg time="2024-02-26T09:51:08.722752" level="INFO">Clicking button '//button[@id='continue']'.</msg>
<arg>//button[@id='continue']</arg>
<doc>Clicks the button identified by ``locator``.</doc>
<status status="PASS" start="2024-02-26T09:51:08.721596" elapsed="5.280292"/>
</kw>
<arg>${days_until_pickup}</arg>
<arg>${days_until_return}</arg>
<tag>booking</tag>
<tag>date-selection</tag>
<tag>VG_test</tag>
<doc>Date selection - selects rent period based on days from current date</doc>
<status status="PASS" start="2024-02-26T09:50:51.647556" elapsed="22.354332"/>
</kw>
<kw name="And User filters cars by selected criteria" owner="carRentalResources">
<for flavor="IN">
<iter>
<kw name="Get WebElements" owner="SeleniumLibrary">
<msg time="2024-02-26T09:51:15.054649" level="INFO">${make_elements} = [&lt;selenium.webdriver.remote.webelement.WebElement (session="887057c38f26ef1265ceeb84decf95cd", element="D9B217A94F58C515905B68328D8FF163_element_665")&gt;, &lt;selenium.webdriver.remote.webelement.WebElemen...</msg>
<var>${make_elements}</var>
<arg>xpath=//input[@value='${make}']/../input[@name='licenseNumber']</arg>
<doc>Returns a list of WebElement objects matching the ``locator``.</doc>
<status status="PASS" start="2024-02-26T09:51:14.007806" elapsed="1.046843"/>
</kw>
<for flavor="IN">
<iter>
<kw name="Get Element Attribute" owner="SeleniumLibrary">
<msg time="2024-02-26T09:51:16.083562" level="INFO">${license_number} = BBE465</msg>
<var>${license_number}</var>
<arg>${plate}</arg>
<arg>value</arg>
<doc>Returns the value of ``attribute`` from the element ``locator``.</doc>
<status status="PASS" start="2024-02-26T09:51:15.055790" elapsed="1.027772"/>
</kw>
<kw name="Append To List" owner="Collections">
<arg>${expected_license_numbers_makes}</arg>
<arg>${license_number}</arg>
<doc>Adds ``values`` to the end of ``list``.</doc>
<status status="PASS" start="2024-02-26T09:51:16.084756" elapsed="0.001035"/>
</kw>
<kw name="Log" owner="BuiltIn">
<msg time="2024-02-26T09:51:16.085899" level="INFO">['BBE465']</msg>
<arg>${expected_license_numbers_makes}</arg>
<doc>Logs the given message with the given level.</doc>
<status status="PASS" start="2024-02-26T09:51:16.085899" elapsed="0.001142"/>
</kw>
<var name="${plate}">&lt;selenium.webdriver.remote.webelement.WebElement (session="887057c38f26ef1265ceeb84decf95cd", element="D9B217A94F58C515905B68328D8FF163_element_665")&gt;</var>
<status status="PASS" start="2024-02-26T09:51:15.055790" elapsed="1.031251"/>
</iter>
<iter>
<kw name="Get Element Attribute" owner="SeleniumLibrary">
<msg time="2024-02-26T09:51:17.110417" level="INFO">${license_number} = BBE466</msg>
<var>${license_number}</var>
<arg>${plate}</arg>
<arg>value</arg>
<doc>Returns the value of ``attribute`` from the element ``locator``.</doc>
<status status="PASS" start="2024-02-26T09:51:16.088183" elapsed="1.022234"/>
</kw>
<kw name="Append To List" owner="Collections">
<arg>${expected_license_numbers_makes}</arg>
<arg>${license_number}</arg>
<doc>Adds ``values`` to the end of ``list``.</doc>
<status status="PASS" start="2024-02-26T09:51:17.110417" elapsed="0.001165"/>
</kw>
<kw name="Log" owner="BuiltIn">
<msg time="2024-02-26T09:51:17.111582" level="INFO">['BBE465', 'BBE466']</msg>
<arg>${expected_license_numbers_makes}</arg>
<doc>Logs the given message with the given level.</doc>
<status status="PASS" start="2024-02-26T09:51:17.111582" elapsed="0.000000"/>
</kw>
<var name="${plate}">&lt;selenium.webdriver.remote.webelement.WebElement (session="887057c38f26ef1265ceeb84decf95cd", element="D9B217A94F58C515905B68328D8FF163_element_669")&gt;</var>
<status status="PASS" start="2024-02-26T09:51:16.087041" elapsed="1.025582"/>
</iter>
<iter>
<kw name="Get Element Attribute" owner="SeleniumLibrary">
<msg time="2024-02-26T09:51:18.123947" level="INFO">${license_number} = BBE467</msg>
<var>${license_number}</var>
<arg>${plate}</arg>
<arg>value</arg>
<doc>Returns the value of ``attribute`` from the element ``locator``.</doc>
<status status="PASS" start="2024-02-26T09:51:17.112674" elapsed="1.011273"/>
</kw>
<kw name="Append To List" owner="Collections">
<arg>${expected_license_numbers_makes}</arg>
<arg>${license_number}</arg>
<doc>Adds ``values`` to the end of ``list``.</doc>
<status status="PASS" start="2024-02-26T09:51:18.125100" elapsed="0.001116"/>
</kw>
<kw name="Log" owner="BuiltIn">
<msg time="2024-02-26T09:51:18.127338" level="INFO">['BBE465', 'BBE466', 'BBE467']</msg>
<arg>${expected_license_numbers_makes}</arg>
<doc>Logs the given message with the given level.</doc>
<status status="PASS" start="2024-02-26T09:51:18.126341" elapsed="0.000997"/>
</kw>
<var name="${plate}">&lt;selenium.webdriver.remote.webelement.WebElement (session="887057c38f26ef1265ceeb84decf95cd", element="D9B217A94F58C515905B68328D8FF163_element_673")&gt;</var>
<status status="PASS" start="2024-02-26T09:51:17.112674" elapsed="1.014664"/>
</iter>
<iter>
<kw name="Get Element Attribute" owner="SeleniumLibrary">
<msg time="2024-02-26T09:51:19.150409" level="INFO">${license_number} = IED923</msg>
<var>${license_number}</var>
<arg>${plate}</arg>
<arg>value</arg>
<doc>Returns the value of ``attribute`` from the element ``locator``.</doc>
<status status="PASS" start="2024-02-26T09:51:18.128488" elapsed="1.021921"/>
</kw>
<kw name="Append To List" owner="Collections">
<arg>${expected_license_numbers_makes}</arg>
<arg>${license_number}</arg>
<doc>Adds ``values`` to the end of ``list``.</doc>
<status status="PASS" start="2024-02-26T09:51:19.151667" elapsed="0.001000"/>
</kw>
<kw name="Log" owner="BuiltIn">
<msg time="2024-02-26T09:51:19.152845" level="INFO">['BBE465', 'BBE466', 'BBE467', 'IED923']</msg>
<arg>${expected_license_numbers_makes}</arg>
<doc>Logs the given message with the given level.</doc>
<status status="PASS" start="2024-02-26T09:51:19.152845" elapsed="0.001140"/>
</kw>
<var name="${plate}">&lt;selenium.webdriver.remote.webelement.WebElement (session="887057c38f26ef1265ceeb84decf95cd", element="D9B217A94F58C515905B68328D8FF163_element_677")&gt;</var>
<status status="PASS" start="2024-02-26T09:51:18.127338" elapsed="1.026647"/>
</iter>
<iter>
<kw name="Get Element Attribute" owner="SeleniumLibrary">
<msg time="2024-02-26T09:51:20.174595" level="INFO">${license_number} = OES930</msg>
<var>${license_number}</var>
<arg>${plate}</arg>
<arg>value</arg>
<doc>Returns the value of ``attribute`` from the element ``locator``.</doc>
<status status="PASS" start="2024-02-26T09:51:19.155138" elapsed="1.019457"/>
</kw>
<kw name="Append To List" owner="Collections">
<arg>${expected_license_numbers_makes}</arg>
<arg>${license_number}</arg>
<doc>Adds ``values`` to the end of ``list``.</doc>
<status status="PASS" start="2024-02-26T09:51:20.175765" elapsed="0.000000"/>
</kw>
<kw name="Log" owner="BuiltIn">
<msg time="2024-02-26T09:51:20.177979" level="INFO">['BBE465', 'BBE466', 'BBE467', 'IED923', 'OES930']</msg>
<arg>${expected_license_numbers_makes}</arg>
<doc>Logs the given message with the given level.</doc>
<status status="PASS" start="2024-02-26T09:51:20.176904" elapsed="0.001143"/>
</kw>
<var name="${plate}">&lt;selenium.webdriver.remote.webelement.WebElement (session="887057c38f26ef1265ceeb84decf95cd", element="D9B217A94F58C515905B68328D8FF163_element_681")&gt;</var>
<status status="PASS" start="2024-02-26T09:51:19.153985" elapsed="1.024062"/>
</iter>
<iter>
<kw name="Get Element Attribute" owner="SeleniumLibrary">
<msg time="2024-02-26T09:51:21.198577" level="INFO">${license_number} = ERB203</msg>
<var>${license_number}</var>
<arg>${plate}</arg>
<arg>value</arg>
<doc>Returns the value of ``attribute`` from the element ``locator``.</doc>
<status status="PASS" start="2024-02-26T09:51:20.179186" elapsed="1.019391"/>
</kw>
<kw name="Append To List" owner="Collections">
<arg>${expected_license_numbers_makes}</arg>
<arg>${license_number}</arg>
<doc>Adds ``values`` to the end of ``list``.</doc>
<status status="PASS" start="2024-02-26T09:51:21.198577" elapsed="0.000000"/>
</kw>
<kw name="Log" owner="BuiltIn">
<msg time="2024-02-26T09:51:21.199636" level="INFO">['BBE465', 'BBE466', 'BBE467', 'IED923', 'OES930', 'ERB203']</msg>
<arg>${expected_license_numbers_makes}</arg>
<doc>Logs the given message with the given level.</doc>
<status status="PASS" start="2024-02-26T09:51:21.199636" elapsed="0.000000"/>
</kw>
<var name="${plate}">&lt;selenium.webdriver.remote.webelement.WebElement (session="887057c38f26ef1265ceeb84decf95cd", element="D9B217A94F58C515905B68328D8FF163_element_685")&gt;</var>
<status status="PASS" start="2024-02-26T09:51:20.178047" elapsed="1.021589"/>
</iter>
<iter>
<kw name="Get Element Attribute" owner="SeleniumLibrary">
<msg time="2024-02-26T09:51:22.210591" level="INFO">${license_number} = PRE392</msg>
<var>${license_number}</var>
<arg>${plate}</arg>
<arg>value</arg>
<doc>Returns the value of ``attribute`` from the element ``locator``.</doc>
<status status="PASS" start="2024-02-26T09:51:21.200719" elapsed="1.009872"/>
</kw>
<kw name="Append To List" owner="Collections">
<arg>${expected_license_numbers_makes}</arg>
<arg>${license_number}</arg>
<doc>Adds ``values`` to the end of ``list``.</doc>
<status status="PASS" start="2024-02-26T09:51:22.211744" elapsed="0.000000"/>
</kw>
<kw name="Log" owner="BuiltIn">
<msg time="2024-02-26T09:51:22.212884" level="INFO">['BBE465', 'BBE466', 'BBE467', 'IED923', 'OES930', 'ERB203', 'PRE392']</msg>
<arg>${expected_license_numbers_makes}</arg>
<doc>Logs the given message with the given level.</doc>
<status status="PASS" start="2024-02-26T09:51:22.212884" elapsed="0.001097"/>
</kw>
<var name="${plate}">&lt;selenium.webdriver.remote.webelement.WebElement (session="887057c38f26ef1265ceeb84decf95cd", element="D9B217A94F58C515905B68328D8FF163_element_689")&gt;</var>
<status status="PASS" start="2024-02-26T09:51:21.199636" elapsed="1.014419"/>
</iter>
<iter>
<kw name="Get Element Attribute" owner="SeleniumLibrary">
<msg time="2024-02-26T09:51:23.235129" level="INFO">${license_number} = GTE432</msg>
<var>${license_number}</var>
<arg>${plate}</arg>
<arg>value</arg>
<doc>Returns the value of ``attribute`` from the element ``locator``.</doc>
<status status="PASS" start="2024-02-26T09:51:22.215149" elapsed="1.019980"/>
</kw>
<kw name="Append To List" owner="Collections">
<arg>${expected_license_numbers_makes}</arg>
<arg>${license_number}</arg>
<doc>Adds ``values`` to the end of ``list``.</doc>
<status status="PASS" start="2024-02-26T09:51:23.236204" elapsed="0.000076"/>
</kw>
<kw name="Log" owner="BuiltIn">
<msg time="2024-02-26T09:51:23.237481" level="INFO">['BBE465', 'BBE466', 'BBE467', 'IED923', 'OES930', 'ERB203', 'PRE392', 'GTE432']</msg>
<arg>${expected_license_numbers_makes}</arg>
<doc>Logs the given message with the given level.</doc>
<status status="PASS" start="2024-02-26T09:51:23.237481" elapsed="0.000000"/>
</kw>
<var name="${plate}">&lt;selenium.webdriver.remote.webelement.WebElement (session="887057c38f26ef1265ceeb84decf95cd", element="D9B217A94F58C515905B68328D8FF163_element_693")&gt;</var>
<status status="PASS" start="2024-02-26T09:51:22.214055" elapsed="1.023426"/>
</iter>
<iter>
<kw name="Get Element Attribute" owner="SeleniumLibrary">
<msg time="2024-02-26T09:51:24.260073" level="INFO">${license_number} = UBD738</msg>
<var>${license_number}</var>
<arg>${plate}</arg>
<arg>value</arg>
<doc>Returns the value of ``attribute`` from the element ``locator``.</doc>
<status status="PASS" start="2024-02-26T09:51:23.238590" elapsed="1.021483"/>
</kw>
<kw name="Append To List" owner="Collections">
<arg>${expected_license_numbers_makes}</arg>
<arg>${license_number}</arg>
<doc>Adds ``values`` to the end of ``list``.</doc>
<status status="PASS" start="2024-02-26T09:51:24.261304" elapsed="0.000000"/>
</kw>
<kw name="Log" owner="BuiltIn">
<msg time="2024-02-26T09:51:24.262446" level="INFO">['BBE465', 'BBE466', 'BBE467', 'IED923', 'OES930', 'ERB203', 'PRE392', 'GTE432', 'UBD738']</msg>
<arg>${expected_license_numbers_makes}</arg>
<doc>Logs the given message with the given level.</doc>
<status status="PASS" start="2024-02-26T09:51:24.262446" elapsed="0.001036"/>
</kw>
<var name="${plate}">&lt;selenium.webdriver.remote.webelement.WebElement (session="887057c38f26ef1265ceeb84decf95cd", element="D9B217A94F58C515905B68328D8FF163_element_697")&gt;</var>
<status status="PASS" start="2024-02-26T09:51:23.238590" elapsed="1.025059"/>
</iter>
<var>${plate}</var>
<value>@{make_elements}</value>
<status status="PASS" start="2024-02-26T09:51:15.054649" elapsed="9.209000"/>
</for>
<var name="${make}">Audi</var>
<status status="PASS" start="2024-02-26T09:51:14.006566" elapsed="10.257083"/>
</iter>
<iter>
<kw name="Get WebElements" owner="SeleniumLibrary">
<msg time="2024-02-26T09:51:25.307798" level="INFO">${make_elements} = [&lt;selenium.webdriver.remote.webelement.WebElement (session="887057c38f26ef1265ceeb84decf95cd", element="D9B217A94F58C515905B68328D8FF163_element_701")&gt;, &lt;selenium.webdriver.remote.webelement.WebElemen...</msg>
<var>${make_elements}</var>
<arg>xpath=//input[@value='${make}']/../input[@name='licenseNumber']</arg>
<doc>Returns a list of WebElement objects matching the ``locator``.</doc>
<status status="PASS" start="2024-02-26T09:51:24.264859" elapsed="1.042939"/>
</kw>
<for flavor="IN">
<iter>
<kw name="Get Element Attribute" owner="SeleniumLibrary">
<msg time="2024-02-26T09:51:26.318605" level="INFO">${license_number} = DQA442</msg>
<var>${license_number}</var>
<arg>${plate}</arg>
<arg>value</arg>
<doc>Returns the value of ``attribute`` from the element ``locator``.</doc>
<status status="PASS" start="2024-02-26T09:51:25.308881" elapsed="1.009724"/>
</kw>
<kw name="Append To List" owner="Collections">
<arg>${expected_license_numbers_makes}</arg>
<arg>${license_number}</arg>
<doc>Adds ``values`` to the end of ``list``.</doc>
<status status="PASS" start="2024-02-26T09:51:26.319775" elapsed="0.000000"/>
</kw>
<kw name="Log" owner="BuiltIn">
<msg time="2024-02-26T09:51:26.320915" level="INFO">['BBE465', 'BBE466', 'BBE467', 'IED923', 'OES930', 'ERB203', 'PRE392', 'GTE432', 'UBD738', 'DQA442']</msg>
<arg>${expected_license_numbers_makes}</arg>
<doc>Logs the given message with the given level.</doc>
<status status="PASS" start="2024-02-26T09:51:26.320915" elapsed="0.000000"/>
</kw>
<var name="${plate}">&lt;selenium.webdriver.remote.webelement.WebElement (session="887057c38f26ef1265ceeb84decf95cd", element="D9B217A94F58C515905B68328D8FF163_element_701")&gt;</var>
<status status="PASS" start="2024-02-26T09:51:25.307798" elapsed="1.014258"/>
</iter>
<iter>
<kw name="Get Element Attribute" owner="SeleniumLibrary">
<msg time="2024-02-26T09:51:27.343527" level="INFO">${license_number} = UZO039</msg>
<var>${license_number}</var>
<arg>${plate}</arg>
<arg>value</arg>
<doc>Returns the value of ``attribute`` from the element ``locator``.</doc>
<status status="PASS" start="2024-02-26T09:51:26.322056" elapsed="1.021471"/>
</kw>
<kw name="Append To List" owner="Collections">
<arg>${expected_license_numbers_makes}</arg>
<arg>${license_number}</arg>
<doc>Adds ``values`` to the end of ``list``.</doc>
<status status="PASS" start="2024-02-26T09:51:27.344526" elapsed="0.000162"/>
</kw>
<kw name="Log" owner="BuiltIn">
<msg time="2024-02-26T09:51:27.345688" level="INFO">['BBE465', 'BBE466', 'BBE467', 'IED923', 'OES930', 'ERB203', 'PRE392', 'GTE432', 'UBD738', 'DQA442', 'UZO039']</msg>
<arg>${expected_license_numbers_makes}</arg>
<doc>Logs the given message with the given level.</doc>
<status status="PASS" start="2024-02-26T09:51:27.344688" elapsed="0.001000"/>
</kw>
<var name="${plate}">&lt;selenium.webdriver.remote.webelement.WebElement (session="887057c38f26ef1265ceeb84decf95cd", element="D9B217A94F58C515905B68328D8FF163_element_705")&gt;</var>
<status status="PASS" start="2024-02-26T09:51:26.322056" elapsed="1.023632"/>
</iter>
<var>${plate}</var>
<value>@{make_elements}</value>
<status status="PASS" start="2024-02-26T09:51:25.307798" elapsed="2.037890"/>
</for>
<var name="${make}">Opel</var>
<status status="PASS" start="2024-02-26T09:51:24.264859" elapsed="3.081879"/>
</iter>
<var>${make}</var>
<value>@{car_makes}</value>
<status status="PASS" start="2024-02-26T09:51:14.006566" elapsed="13.340234"/>
</for>
<for flavor="IN">
<iter>
<kw name="Get WebElements" owner="SeleniumLibrary">
<var>${capacity_elements}</var>
<arg>xpath=//input[contains(@id, 'pass${capacity}')]/../input[@name='licenseNumber']</arg>
<doc>Returns a list of WebElement objects matching the ``locator``.</doc>
<status status="NOT RUN" start="2024-02-26T09:51:27.346800" elapsed="0.001000"/>
</kw>
<for flavor="IN">
<iter>
<kw name="Get Element Attribute" owner="SeleniumLibrary">
<var>${license_number}</var>
<arg>${plate}</arg>
<arg>value</arg>
<doc>Returns the value of ``attribute`` from the element ``locator``.</doc>
<status status="NOT RUN" start="2024-02-26T09:51:27.347800" elapsed="0.000000"/>
</kw>
<kw name="Append To List" owner="Collections">
<arg>${expected_license_numbers_passengers}</arg>
<arg>${license_number}</arg>
<doc>Adds ``values`` to the end of ``list``.</doc>
<status status="NOT RUN" start="2024-02-26T09:51:27.348848" elapsed="0.000050"/>
</kw>
<kw name="Log" owner="BuiltIn">
<arg>${expected_license_numbers_passengers}</arg>
<doc>Logs the given message with the given level.</doc>
<status status="NOT RUN" start="2024-02-26T09:51:27.348898" elapsed="0.000000"/>
</kw>
<var name="${plate}"/>
<status status="NOT RUN" start="2024-02-26T09:51:27.347800" elapsed="0.001098"/>
</iter>
<var>${plate}</var>
<value>@{capacity_elements}</value>
<status status="NOT RUN" start="2024-02-26T09:51:27.347800" elapsed="0.001098"/>
</for>
<var name="${capacity}"/>
<status status="NOT RUN" start="2024-02-26T09:51:27.346800" elapsed="0.002098"/>
</iter>
<var>${capacity}</var>
<value>@{car_seating_capacities}</value>
<status status="NOT RUN" start="2024-02-26T09:51:27.346800" elapsed="0.002098"/>
</for>
<kw name="Wait Until Element Is Visible" owner="SeleniumLibrary">
<arg>//div[@id='ms-list-1']//button</arg>
<doc>Waits until the element ``locator`` is visible.</doc>
<status status="PASS" start="2024-02-26T09:51:27.349898" elapsed="2.063896"/>
</kw>
<kw name="Wait Until Element Is Visible" owner="SeleniumLibrary">
<arg>//div[@id='ms-list-2']//button</arg>
<doc>Waits until the element ``locator`` is visible.</doc>
<status status="PASS" start="2024-02-26T09:51:29.414876" elapsed="2.064336"/>
</kw>
<kw name="Click Button" owner="SeleniumLibrary">
<msg time="2024-02-26T09:51:31.480366" level="INFO">Clicking button '//div[@id='ms-list-1']//button'.</msg>
<arg>//div[@id='ms-list-1']//button</arg>
<doc>Clicks the button identified by ``locator``.</doc>
<status status="PASS" start="2024-02-26T09:51:31.479212" elapsed="5.165819"/>
</kw>
<for flavor="IN">
<iter>
<kw name="Click Element" owner="SeleniumLibrary">
<msg time="2024-02-26T09:51:36.647128" level="INFO">Clicking element 'css=[data-search-term='audi']'.</msg>
<arg>css=[data-search-term='${make.lower()}']</arg>
<doc>Click the element identified by ``locator``.</doc>
<status status="PASS" start="2024-02-26T09:51:36.646129" elapsed="2.093801"/>
</kw>
<var name="${make}">Audi</var>
<status status="PASS" start="2024-02-26T09:51:36.645031" elapsed="2.094899"/>
</iter>
<iter>
<kw name="Click Element" owner="SeleniumLibrary">
<msg time="2024-02-26T09:51:38.745371" level="INFO">Clicking element 'css=[data-search-term='opel']'.</msg>
<arg>css=[data-search-term='${make.lower()}']</arg>
<doc>Click the element identified by ``locator``.</doc>
<status status="PASS" start="2024-02-26T09:51:38.741934" elapsed="2.153710"/>
</kw>
<var name="${make}">Opel</var>
<status status="PASS" start="2024-02-26T09:51:38.740934" elapsed="2.154710"/>
</iter>
<var>${make}</var>
<value>@{car_makes}</value>
<status status="PASS" start="2024-02-26T09:51:36.645031" elapsed="4.250613"/>
</for>
<kw name="Click Button" owner="SeleniumLibrary">
<msg time="2024-02-26T09:51:40.896761" level="INFO">Clicking button '//div[@id='ms-list-2']//button'.</msg>
<arg>//div[@id='ms-list-2']//button</arg>
<doc>Clicks the button identified by ``locator``.</doc>
<status status="PASS" start="2024-02-26T09:51:40.895644" elapsed="5.142418"/>
</kw>
<for flavor="IN">
<iter>
<kw name="Click Element" owner="SeleniumLibrary">
<arg>css=[data-search-term='${capacity}']</arg>
<doc>Click the element identified by ``locator``.</doc>
<status status="NOT RUN" start="2024-02-26T09:51:46.039286" elapsed="0.000000"/>
</kw>
<var name="${capacity}"/>
<status status="NOT RUN" start="2024-02-26T09:51:46.039176" elapsed="0.000110"/>
</iter>
<var>${capacity}</var>
<value>@{car_seating_capacities}</value>
<status status="NOT RUN" start="2024-02-26T09:51:46.038062" elapsed="0.001224"/>
</for>
<kw name="Click Button" owner="SeleniumLibrary">
<msg time="2024-02-26T09:51:46.040490" level="INFO">Clicking button '//div[@id='ms-list-2']//button'.</msg>
<arg>//div[@id='ms-list-2']//button</arg>
<doc>Clicks the button identified by ``locator``.</doc>
<status status="PASS" start="2024-02-26T09:51:46.040490" elapsed="5.187955"/>
</kw>
<arg>${two_car_makes}</arg>
<arg>${zero_car_seating_capacities}</arg>
<tag>car-selection</tag>
<tag>filtering</tag>
<doc>Car Selection - saves license numbers for cars with selected makes and seating capacities, then filters cars</doc>
<status status="PASS" start="2024-02-26T09:51:14.005424" elapsed="37.223021"/>
</kw>
<kw name="Then All available cars filtered by one criterion are shown" owner="carRentalResources">
<kw name="Wait Until Page Contains Element" owner="SeleniumLibrary">
<arg>//div[@id='carSelection']</arg>
<doc>Waits until the element ``locator`` appears on the current page.</doc>
<status status="PASS" start="2024-02-26T09:51:51.232944" elapsed="1.043379"/>
</kw>
<kw name="Get WebElements" owner="SeleniumLibrary">
<msg time="2024-02-26T09:51:53.314274" level="INFO">${plate_elements} = [&lt;selenium.webdriver.remote.webelement.WebElement (session="887057c38f26ef1265ceeb84decf95cd", element="D9B217A94F58C515905B68328D8FF163_element_796")&gt;]</msg>
<var>${plate_elements}</var>
<arg>xpath=//input[@name='licenseNumber']</arg>
<doc>Returns a list of WebElement objects matching the ``locator``.</doc>
<status status="PASS" start="2024-02-26T09:51:52.276323" elapsed="1.037951"/>
</kw>
<kw name="Create List" owner="BuiltIn">
<msg time="2024-02-26T09:51:53.316762" level="INFO">${actual_license_numbers} = []</msg>
<var>${actual_license_numbers}</var>
<doc>Returns a list containing given items.</doc>
<status status="PASS" start="2024-02-26T09:51:53.315568" elapsed="0.001194"/>
</kw>
<for flavor="IN">
<iter>
<kw name="Get Element Attribute" owner="SeleniumLibrary">
<msg time="2024-02-26T09:51:54.342469" level="INFO">${license_number} = BBE465</msg>
<var>${license_number}</var>
<arg>${plate}</arg>
<arg>value</arg>
<doc>Returns the value of ``attribute`` from the element ``locator``.</doc>
<status status="PASS" start="2024-02-26T09:51:53.317943" elapsed="1.024526"/>
</kw>
<kw name="Append To List" owner="Collections">
<arg>${actual_license_numbers}</arg>
<arg>${license_number}</arg>
<doc>Adds ``values`` to the end of ``list``.</doc>
<status status="PASS" start="2024-02-26T09:51:54.343619" elapsed="0.001121"/>
</kw>
<var name="${plate}">&lt;selenium.webdriver.remote.webelement.WebElement (session="887057c38f26ef1265ceeb84decf95cd", element="D9B217A94F58C515905B68328D8FF163_element_796")&gt;</var>
<status status="PASS" start="2024-02-26T09:51:53.317943" elapsed="1.026797"/>
</iter>
<var>${plate}</var>
<value>@{plate_elements}</value>
<status status="PASS" start="2024-02-26T09:51:53.316762" elapsed="1.027978"/>
</for>
<kw name="Lists Should Be Equal" owner="Collections">
<msg time="2024-02-26T09:51:54.345882" level="INFO">False</msg>
<msg time="2024-02-26T09:51:54.347025" level="FAIL">Lists are different:
Index 0: BBE465 != ['BBE465', 'BBE466', 'BBE467', 'IED923', 'OES930', 'ERB203', 'PRE392', 'GTE432', 'UBD738', 'DQA442', 'UZO039']</msg>
<arg>${actual_license_numbers}</arg>
<arg>${expected_license_numbers_makes}</arg>
<doc>Fails if given lists are unequal.</doc>
<status status="FAIL" start="2024-02-26T09:51:54.345882" elapsed="0.002284">Lists are different:
Index 0: BBE465 != ['BBE465', 'BBE466', 'BBE467', 'IED923', 'OES930', 'ERB203', 'PRE392', 'GTE432', 'UBD738', 'DQA442', 'UZO039']</status>
</kw>
<arg>${expected_license_numbers_makes}</arg>
<tag>car-selection</tag>
<tag>filtering</tag>
<doc>Car Selection - Compares expected cars with selected criterion to filtered</doc>
<status status="FAIL" start="2024-02-26T09:51:51.230802" elapsed="3.117364">Lists are different:
Index 0: BBE465 != ['BBE465', 'BBE466', 'BBE467', 'IED923', 'OES930', 'ERB203', 'PRE392', 'GTE432', 'UBD738', 'DQA442', 'UZO039']</status>
</kw>
<status status="FAIL" start="2024-02-26T09:50:48.466524" elapsed="65.884098">Lists are different:
Index 0: BBE465 != ['BBE465', 'BBE466', 'BBE467', 'IED923', 'OES930', 'ERB203', 'PRE392', 'GTE432', 'UBD738', 'DQA442', 'UZO039']</status>
</test>
<test id="s1-s1-s1-t6" name="Scenario: User filters available cars by two seating capacities" line="43">
<kw name="Initialize Test" owner="carRentalResources" type="SETUP">
<kw name="Go To" owner="SeleniumLibrary">
<msg time="2024-02-26T09:51:54.358827" level="INFO">Opening url 'https://rental4.infotiv.net/'</msg>
<arg>${homepage_url}</arg>
<doc>Navigates the current browser window to the provided ``url``.</doc>
<status status="PASS" start="2024-02-26T09:51:54.357687" elapsed="1.093202"/>
</kw>
<doc>Start all test cases from https://rental4.infotiv.net/</doc>
<status status="PASS" start="2024-02-26T09:51:54.356506" elapsed="1.094383"/>
</kw>
<kw name="Given User is on date selection page" owner="carRentalResources">
<kw name="Wait Until Element Contains" owner="SeleniumLibrary">
<arg>//h1[@id='questionText']</arg>
<arg>When do you want to make your trip?</arg>
<doc>Waits until the element ``locator`` contains ``text``.</doc>
<status status="PASS" start="2024-02-26T09:51:55.454037" elapsed="2.057642"/>
</kw>
<tag>date-selection</tag>
<tag>VG_test</tag>
<doc>Date selection - Checks if user is on date selection page</doc>
<status status="PASS" start="2024-02-26T09:51:55.453006" elapsed="2.058673"/>
</kw>
<kw name="When User selects rental period" owner="carRentalResources">
<kw name="Get Current Date" owner="DateTime">
<msg time="2024-02-26T09:51:57.517512" level="INFO">${pickup_date} = 2024-02-27</msg>
<var>${pickup_date}</var>
<arg>increment=${days_until_pickup} days</arg>
<arg>result_format=%Y-%m-%d</arg>
<doc>Returns current local or UTC time with an optional increment.</doc>
<status status="PASS" start="2024-02-26T09:51:57.516231" elapsed="0.001281"/>
</kw>
<kw name="Convert Date" owner="DateTime">
<msg time="2024-02-26T09:51:57.518657" level="INFO">${start_date_MMDD} = 0227</msg>
<var>${start_date_MMDD}</var>
<arg>${pickup_date}</arg>
<arg>result_format=%m%d</arg>
<doc>Converts between supported `date formats`.</doc>
<status status="PASS" start="2024-02-26T09:51:57.517512" elapsed="0.001145"/>
</kw>
<kw name="Get Current Date" owner="DateTime">
<msg time="2024-02-26T09:51:57.520938" level="INFO">${end_date_MMDD} = 0305</msg>
<var>${end_date_MMDD}</var>
<arg>increment=${days_until_return} days</arg>
<arg>result_format=%m%d</arg>
<doc>Returns current local or UTC time with an optional increment.</doc>
<status status="PASS" start="2024-02-26T09:51:57.519797" elapsed="0.001141"/>
</kw>
<kw name="Wait Until Element Is Visible" owner="SeleniumLibrary">
<arg>//input[@id='start']</arg>
<doc>Waits until the element ``locator`` is visible.</doc>
<status status="PASS" start="2024-02-26T09:51:57.522011" elapsed="2.058714"/>
</kw>
<kw name="Wait Until Element Is Visible" owner="SeleniumLibrary">
<arg>//input[@id='end']</arg>
<doc>Waits until the element ``locator`` is visible.</doc>
<status status="PASS" start="2024-02-26T09:51:59.581769" elapsed="2.059153"/>
</kw>
<kw name="Wait Until Element Is Visible" owner="SeleniumLibrary">
<arg>//button[@id='continue']</arg>
<doc>Waits until the element ``locator`` is visible.</doc>
<status status="PASS" start="2024-02-26T09:52:01.640922" elapsed="2.058548"/>
</kw>
<kw name="Click Element" owner="SeleniumLibrary">
<msg time="2024-02-26T09:52:03.700644" level="INFO">Clicking element '//input[@id='start']'.</msg>
<arg>//input[@id='start']</arg>
<doc>Click the element identified by ``locator``.</doc>
<status status="PASS" start="2024-02-26T09:52:03.700644" elapsed="2.141562"/>
</kw>
<kw name="Input Text" owner="SeleniumLibrary">
<msg time="2024-02-26T09:52:05.843438" level="INFO">Typing text '0227' into text field '//input[@id='start']'.</msg>
<arg>//input[@id='start']</arg>
<arg>${start_date_MMDD}</arg>
<doc>Types the given ``text`` into the text field identified by ``locator``.</doc>
<status status="PASS" start="2024-02-26T09:52:05.842206" elapsed="3.279608"/>
</kw>
<kw name="Click Element" owner="SeleniumLibrary">
<msg time="2024-02-26T09:52:09.122915" level="INFO">Clicking element '//input[@id='end']'.</msg>
<arg>//input[@id='end']</arg>
<doc>Click the element identified by ``locator``.</doc>
<status status="PASS" start="2024-02-26T09:52:09.121814" elapsed="2.083302"/>
</kw>
<kw name="Input Text" owner="SeleniumLibrary">
<msg time="2024-02-26T09:52:11.205116" level="INFO">Typing text '0305' into text field '//input[@id='end']'.</msg>
<arg>//input[@id='end']</arg>
<arg>${end_date_MMDD}</arg>
<doc>Types the given ``text`` into the text field identified by ``locator``.</doc>
<status status="PASS" start="2024-02-26T09:52:11.205116" elapsed="3.137751"/>
</kw>
<kw name="Click Button" owner="SeleniumLibrary">
<msg time="2024-02-26T09:52:14.342867" level="INFO">Clicking button '//button[@id='continue']'.</msg>
<arg>//button[@id='continue']</arg>
<doc>Clicks the button identified by ``locator``.</doc>
<status status="PASS" start="2024-02-26T09:52:14.342867" elapsed="5.433796"/>
</kw>
<arg>${days_until_pickup}</arg>
<arg>${days_until_return}</arg>
<tag>booking</tag>
<tag>date-selection</tag>
<tag>VG_test</tag>
<doc>Date selection - selects rent period based on days from current date</doc>
<status status="PASS" start="2024-02-26T09:51:57.513981" elapsed="22.262682"/>
</kw>
<kw name="And User filters cars by selected criteria" owner="carRentalResources">
<for flavor="IN">
<iter>
<kw name="Get WebElements" owner="SeleniumLibrary">
<var>${make_elements}</var>
<arg>xpath=//input[@value='${make}']/../input[@name='licenseNumber']</arg>
[...]
<var>${capacity_elements}</var>
<arg>xpath=//input[contains(@id, 'pass${capacity}')]/../input[@name='licenseNumber']</arg>
<doc>Returns a list of WebElement objects matching the ``locator``.</doc>
<status status="PASS" start="2024-02-26T09:57:03.308242" elapsed="1.042963"/>
</kw>
<for flavor="IN">
<iter>
<kw name="Get Element Attribute" owner="SeleniumLibrary">
<msg time="2024-02-26T09:57:05.373818" level="INFO">${license_number} = GTE432</msg>
<var>${license_number}</var>
<arg>${plate}</arg>
<arg>value</arg>
<doc>Returns the value of ``attribute`` from the element ``locator``.</doc>
<status status="PASS" start="2024-02-26T09:57:04.352300" elapsed="1.021518"/>
</kw>
<kw name="Append To List" owner="Collections">
<arg>${expected_license_numbers_passengers}</arg>
<arg>${license_number}</arg>
<doc>Adds ``values`` to the end of ``list``.</doc>
<status status="PASS" start="2024-02-26T09:57:05.376002" elapsed="0.000000"/>
</kw>
<kw name="Log" owner="BuiltIn">
<msg time="2024-02-26T09:57:05.377095" level="INFO">['GTE432', 'UBD738', 'CEA328', 'VQW952', 'DQA442', 'UZO039', 'GTE432', 'UBD738', 'CEA328', 'VQW952', 'DQA442', 'UZO039', 'GTE432', 'UBD738', 'CEA328', 'VQW952', 'DQA442', 'UZO039', 'GTE432']</msg>
<arg>${expected_license_numbers_passengers}</arg>
<doc>Logs the given message with the given level.</doc>
<status status="PASS" start="2024-02-26T09:57:05.377095" elapsed="0.000000"/>
</kw>
<var name="${plate}">&lt;selenium.webdriver.remote.webelement.WebElement (session="887057c38f26ef1265ceeb84decf95cd", element="76BE5D49E733DF91E8D52A56E7B69D00_element_1863")&gt;</var>
<status status="PASS" start="2024-02-26T09:57:04.352300" elapsed="1.024795"/>
</iter>
<iter>
<kw name="Get Element Attribute" owner="SeleniumLibrary">
<msg time="2024-02-26T09:57:06.554668" level="INFO">${license_number} = UBD738</msg>
<var>${license_number}</var>
<arg>${plate}</arg>
<arg>value</arg>
<doc>Returns the value of ``attribute`` from the element ``locator``.</doc>
<status status="PASS" start="2024-02-26T09:57:05.378191" elapsed="1.176477"/>
</kw>
<kw name="Append To List" owner="Collections">
<arg>${expected_license_numbers_passengers}</arg>
<arg>${license_number}</arg>
<doc>Adds ``values`` to the end of ``list``.</doc>
<status status="PASS" start="2024-02-26T09:57:06.555824" elapsed="0.000000"/>
</kw>
<kw name="Log" owner="BuiltIn">
<msg time="2024-02-26T09:57:06.556957" level="INFO">['GTE432', 'UBD738', 'CEA328', 'VQW952', 'DQA442', 'UZO039', 'GTE432', 'UBD738', 'CEA328', 'VQW952', 'DQA442', 'UZO039', 'GTE432', 'UBD738', 'CEA328', 'VQW952', 'DQA442', 'UZO039', 'GTE432', 'UBD738']</msg>
<arg>${expected_license_numbers_passengers}</arg>
<doc>Logs the given message with the given level.</doc>
<status status="PASS" start="2024-02-26T09:57:06.556957" elapsed="0.000000"/>
</kw>
<var name="${plate}">&lt;selenium.webdriver.remote.webelement.WebElement (session="887057c38f26ef1265ceeb84decf95cd", element="76BE5D49E733DF91E8D52A56E7B69D00_element_1867")&gt;</var>
<status status="PASS" start="2024-02-26T09:57:05.378191" elapsed="1.179897"/>
</iter>
<iter>
<kw name="Get Element Attribute" owner="SeleniumLibrary">
<msg time="2024-02-26T09:57:07.579226" level="INFO">${license_number} = CEA328</msg>
<var>${license_number}</var>
<arg>${plate}</arg>
<arg>value</arg>
<doc>Returns the value of ``attribute`` from the element ``locator``.</doc>
<status status="PASS" start="2024-02-26T09:57:06.558088" elapsed="1.021138"/>
</kw>
<kw name="Append To List" owner="Collections">
<arg>${expected_license_numbers_passengers}</arg>
<arg>${license_number}</arg>
<doc>Adds ``values`` to the end of ``list``.</doc>
<status status="PASS" start="2024-02-26T09:57:07.580406" elapsed="0.000000"/>
</kw>
<kw name="Log" owner="BuiltIn">
<msg time="2024-02-26T09:57:07.581546" level="INFO">['GTE432', 'UBD738', 'CEA328', 'VQW952', 'DQA442', 'UZO039', 'GTE432', 'UBD738', 'CEA328', 'VQW952', 'DQA442', 'UZO039', 'GTE432', 'UBD738', 'CEA328', 'VQW952', 'DQA442', 'UZO039', 'GTE432', 'UBD738', 'CEA328']</msg>
<arg>${expected_license_numbers_passengers}</arg>
<doc>Logs the given message with the given level.</doc>
<status status="PASS" start="2024-02-26T09:57:07.581546" elapsed="0.001140"/>
</kw>
<var name="${plate}">&lt;selenium.webdriver.remote.webelement.WebElement (session="887057c38f26ef1265ceeb84decf95cd", element="76BE5D49E733DF91E8D52A56E7B69D00_element_1911")&gt;</var>
<status status="PASS" start="2024-02-26T09:57:06.558088" elapsed="1.024598"/>
</iter>
<iter>
<kw name="Get Element Attribute" owner="SeleniumLibrary">
<msg time="2024-02-26T09:57:08.603835" level="INFO">${license_number} = VQW952</msg>
<var>${license_number}</var>
<arg>${plate}</arg>
<arg>value</arg>
<doc>Returns the value of ``attribute`` from the element ``locator``.</doc>
<status status="PASS" start="2024-02-26T09:57:07.583826" elapsed="1.020009"/>
</kw>
<kw name="Append To List" owner="Collections">
<arg>${expected_license_numbers_passengers}</arg>
<arg>${license_number}</arg>
<doc>Adds ``values`` to the end of ``list``.</doc>
<status status="PASS" start="2024-02-26T09:57:08.605044" elapsed="0.001073"/>
</kw>
<kw name="Log" owner="BuiltIn">
<msg time="2024-02-26T09:57:08.607223" level="INFO">['GTE432', 'UBD738', 'CEA328', 'VQW952', 'DQA442', 'UZO039', 'GTE432', 'UBD738', 'CEA328', 'VQW952', 'DQA442', 'UZO039', 'GTE432', 'UBD738', 'CEA328', 'VQW952', 'DQA442', 'UZO039', 'GTE432', 'UBD738', 'CEA328', 'VQW952']</msg>
<arg>${expected_license_numbers_passengers}</arg>
<doc>Logs the given message with the given level.</doc>
<status status="PASS" start="2024-02-26T09:57:08.606186" elapsed="0.001143"/>
</kw>
<var name="${plate}">&lt;selenium.webdriver.remote.webelement.WebElement (session="887057c38f26ef1265ceeb84decf95cd", element="76BE5D49E733DF91E8D52A56E7B69D00_element_1915")&gt;</var>
<status status="PASS" start="2024-02-26T09:57:07.582686" elapsed="1.024643"/>
</iter>
<var>${plate}</var>
<value>@{capacity_elements}</value>
<status status="PASS" start="2024-02-26T09:57:04.351205" elapsed="4.256124"/>
</for>
<var name="${capacity}">2</var>
<status status="PASS" start="2024-02-26T09:57:03.307100" elapsed="5.300229"/>
</iter>
<iter>
<kw name="Get WebElements" owner="SeleniumLibrary">
<msg time="2024-02-26T09:57:09.656110" level="INFO">${capacity_elements} = [&lt;selenium.webdriver.remote.webelement.WebElement (session="887057c38f26ef1265ceeb84decf95cd", element="76BE5D49E733DF91E8D52A56E7B69D00_element_1871")&gt;, &lt;selenium.webdriver.remote.webelement.WebEleme...</msg>
<var>${capacity_elements}</var>
<arg>xpath=//input[contains(@id, 'pass${capacity}')]/../input[@name='licenseNumber']</arg>
<doc>Returns a list of WebElement objects matching the ``locator``.</doc>
<status status="PASS" start="2024-02-26T09:57:08.608527" elapsed="1.047583"/>
</kw>
<for flavor="IN">
<iter>
<kw name="Get Element Attribute" owner="SeleniumLibrary">
<msg time="2024-02-26T09:57:10.680891" level="INFO">${license_number} = DQA442</msg>
<var>${license_number}</var>
<arg>${plate}</arg>
<arg>value</arg>
<doc>Returns the value of ``attribute`` from the element ``locator``.</doc>
<status status="PASS" start="2024-02-26T09:57:09.658418" elapsed="1.022473"/>
</kw>
<kw name="Append To List" owner="Collections">
<arg>${expected_license_numbers_passengers}</arg>
<arg>${license_number}</arg>
<doc>Adds ``values`` to the end of ``list``.</doc>
<status status="PASS" start="2024-02-26T09:57:10.680891" elapsed="0.000000"/>
</kw>
<kw name="Log" owner="BuiltIn">
<msg time="2024-02-26T09:57:10.681955" level="INFO">['GTE432', 'UBD738', 'CEA328', 'VQW952', 'DQA442', 'UZO039', 'GTE432', 'UBD738', 'CEA328', 'VQW952', 'DQA442', 'UZO039', 'GTE432', 'UBD738', 'CEA328', 'VQW952', 'DQA442', 'UZO039', 'GTE432', 'UBD738', 'CEA328', 'VQW952', 'DQA442']</msg>
<arg>${expected_license_numbers_passengers}</arg>
<doc>Logs the given message with the given level.</doc>
<status status="PASS" start="2024-02-26T09:57:10.681955" elapsed="0.000000"/>
</kw>
<var name="${plate}">&lt;selenium.webdriver.remote.webelement.WebElement (session="887057c38f26ef1265ceeb84decf95cd", element="76BE5D49E733DF91E8D52A56E7B69D00_element_1871")&gt;</var>
<status status="PASS" start="2024-02-26T09:57:09.657344" elapsed="1.024611"/>
</iter>
<iter>
<kw name="Get Element Attribute" owner="SeleniumLibrary">
<msg time="2024-02-26T09:57:11.692591" level="INFO">${license_number} = UZO039</msg>
<var>${license_number}</var>
<arg>${plate}</arg>
<arg>value</arg>
<doc>Returns the value of ``attribute`` from the element ``locator``.</doc>
<status status="PASS" start="2024-02-26T09:57:10.682976" elapsed="1.009615"/>
</kw>
<kw name="Append To List" owner="Collections">
<arg>${expected_license_numbers_passengers}</arg>
<arg>${license_number}</arg>
<doc>Adds ``values`` to the end of ``list``.</doc>
<status status="PASS" start="2024-02-26T09:57:11.693590" elapsed="0.001060"/>
</kw>
<kw name="Log" owner="BuiltIn">
<msg time="2024-02-26T09:57:11.695813" level="INFO">['GTE432', 'UBD738', 'CEA328', 'VQW952', 'DQA442', 'UZO039', 'GTE432', 'UBD738', 'CEA328', 'VQW952', 'DQA442', 'UZO039', 'GTE432', 'UBD738', 'CEA328', 'VQW952', 'DQA442', 'UZO039', 'GTE432', 'UBD738', 'CEA328', 'VQW952', 'DQA442', 'UZO039']</msg>
<arg>${expected_license_numbers_passengers}</arg>
<doc>Logs the given message with the given level.</doc>
<status status="PASS" start="2024-02-26T09:57:11.694713" elapsed="0.001100"/>
</kw>
<var name="${plate}">&lt;selenium.webdriver.remote.webelement.WebElement (session="887057c38f26ef1265ceeb84decf95cd", element="76BE5D49E733DF91E8D52A56E7B69D00_element_1875")&gt;</var>
<status status="PASS" start="2024-02-26T09:57:10.681955" elapsed="1.013858"/>
</iter>
<var>${plate}</var>
<value>@{capacity_elements}</value>
<status status="PASS" start="2024-02-26T09:57:09.657123" elapsed="2.038690"/>
</for>
<var name="${capacity}">9</var>
<status status="PASS" start="2024-02-26T09:57:08.608527" elapsed="3.088381"/>
</iter>
<var>${capacity}</var>
<value>@{car_seating_capacities}</value>
<status status="PASS" start="2024-02-26T09:57:03.307100" elapsed="8.389808"/>
</for>
<kw name="Wait Until Element Is Visible" owner="SeleniumLibrary">
<arg>//div[@id='ms-list-1']//button</arg>
<doc>Waits until the element ``locator`` is visible.</doc>
<status status="PASS" start="2024-02-26T09:57:11.697913" elapsed="2.041827"/>
</kw>
<kw name="Wait Until Element Is Visible" owner="SeleniumLibrary">
<arg>//div[@id='ms-list-2']//button</arg>
<doc>Waits until the element ``locator`` is visible.</doc>
<status status="PASS" start="2024-02-26T09:57:13.739740" elapsed="2.058444"/>
</kw>
<kw name="Click Button" owner="SeleniumLibrary">
<msg time="2024-02-26T09:57:15.798184" level="INFO">Clicking button '//div[@id='ms-list-1']//button'.</msg>
<arg>//div[@id='ms-list-1']//button</arg>
<doc>Clicks the button identified by ``locator``.</doc>
<status status="PASS" start="2024-02-26T09:57:15.798184" elapsed="5.183251"/>
</kw>
<for flavor="IN">
<iter>
<kw name="Click Element" owner="SeleniumLibrary">
<msg time="2024-02-26T09:57:20.986105" level="INFO">Clicking element 'css=[data-search-term='audi']'.</msg>
<arg>css=[data-search-term='${make.lower()}']</arg>
<doc>Click the element identified by ``locator``.</doc>
<status status="PASS" start="2024-02-26T09:57:20.982664" elapsed="2.119678"/>
</kw>
<var name="${make}">Audi</var>
<status status="PASS" start="2024-02-26T09:57:20.982664" elapsed="2.119678"/>
</iter>
<iter>
<kw name="Click Element" owner="SeleniumLibrary">
<msg time="2024-02-26T09:57:23.105676" level="INFO">Clicking element 'css=[data-search-term='opel']'.</msg>
<arg>css=[data-search-term='${make.lower()}']</arg>
<doc>Click the element identified by ``locator``.</doc>
<status status="PASS" start="2024-02-26T09:57:23.103417" elapsed="2.152894"/>
</kw>
<var name="${make}">Opel</var>
<status status="PASS" start="2024-02-26T09:57:23.102342" elapsed="2.153969"/>
</iter>
<var>${make}</var>
<value>@{car_makes}</value>
<status status="PASS" start="2024-02-26T09:57:20.981435" elapsed="4.274876"/>
</for>
<kw name="Click Button" owner="SeleniumLibrary">
<msg time="2024-02-26T09:57:25.257509" level="INFO">Clicking button '//div[@id='ms-list-2']//button'.</msg>
<arg>//div[@id='ms-list-2']//button</arg>
<doc>Clicks the button identified by ``locator``.</doc>
<status status="PASS" start="2024-02-26T09:57:25.257509" elapsed="5.147392"/>
</kw>
<for flavor="IN">
<iter>
<kw name="Click Element" owner="SeleniumLibrary">
<msg time="2024-02-26T09:57:30.405959" level="INFO">Clicking element 'css=[data-search-term='2']'.</msg>
<arg>css=[data-search-term='${capacity}']</arg>
<doc>Click the element identified by ``locator``.</doc>
<status status="PASS" start="2024-02-26T09:57:30.404901" elapsed="2.060796"/>
</kw>
<var name="${capacity}">2</var>
<status status="PASS" start="2024-02-26T09:57:30.404901" elapsed="2.060796"/>
</iter>
<iter>
<kw name="Click Element" owner="SeleniumLibrary">
<msg time="2024-02-26T09:57:32.468018" level="INFO">Clicking element 'css=[data-search-term='9']'.</msg>
<arg>css=[data-search-term='${capacity}']</arg>
<doc>Click the element identified by ``locator``.</doc>
<status status="PASS" start="2024-02-26T09:57:32.466874" elapsed="2.076446"/>
</kw>
<var name="${capacity}">9</var>
<status status="PASS" start="2024-02-26T09:57:32.466874" elapsed="2.076446"/>
</iter>
<var>${capacity}</var>
<value>@{car_seating_capacities}</value>
<status status="PASS" start="2024-02-26T09:57:30.404901" elapsed="4.138419"/>
</for>
<kw name="Click Button" owner="SeleniumLibrary">
<msg time="2024-02-26T09:57:34.545542" level="INFO">Clicking button '//div[@id='ms-list-2']//button'.</msg>
<arg>//div[@id='ms-list-2']//button</arg>
<doc>Clicks the button identified by ``locator``.</doc>
<status status="PASS" start="2024-02-26T09:57:34.544427" elapsed="5.136632"/>
</kw>
<arg>${two_car_makes}</arg>
<arg>${two_car_seating_capacities}</arg>
<tag>car-selection</tag>
<tag>filtering</tag>
<doc>Car Selection - saves license numbers for cars with selected makes and seating capacities, then filters cars</doc>
<status status="PASS" start="2024-02-26T09:56:49.932987" elapsed="49.748072"/>
</kw>
<kw name="Then There should be a book button next to all available cars" owner="carRentalResources">
<kw name="Get WebElements" owner="SeleniumLibrary">
<msg time="2024-02-26T09:57:40.696045" level="INFO">${carRow_elements} = [&lt;selenium.webdriver.remote.webelement.WebElement (session="887057c38f26ef1265ceeb84decf95cd", element="76BE5D49E733DF91E8D52A56E7B69D00_element_1983")&gt;]</msg>
<var>${carRow_elements}</var>
<arg>css:.carRow</arg>
<doc>Returns a list of WebElement objects matching the ``locator``.</doc>
<status status="PASS" start="2024-02-26T09:57:39.682133" elapsed="1.013912"/>
</kw>
<kw name="Get Length" owner="BuiltIn">
<msg time="2024-02-26T09:57:40.696045" level="INFO">Length is 1.</msg>
<msg time="2024-02-26T09:57:40.697113" level="INFO">${expected_book_elements} = 1</msg>
<var>${expected_book_elements}</var>
<arg>${carRow_elements}</arg>
<doc>Returns and logs the length of the given item as an integer.</doc>
<status status="PASS" start="2024-02-26T09:57:40.696045" elapsed="0.001068"/>
</kw>
<kw name="Run Keyword And Return Status" owner="BuiltIn">
<kw name="Page Should Contain Element" owner="SeleniumLibrary">
<msg time="2024-02-26T09:57:43.863802" level="INFO" html="true">&lt;/td&gt;&lt;/tr&gt;&lt;tr&gt;&lt;td colspan="3"&gt;&lt;a href="selenium-screenshot-141.png"&gt;&lt;img src="selenium-screenshot-141.png" width="800px"&gt;&lt;/a&gt;</msg>
<msg time="2024-02-26T09:57:43.864801" level="FAIL">1</msg>
<arg>xpath=//input[@value='book']</arg>
<arg>${expected_book_elements}</arg>
<doc>Verifies that element ``locator`` is found on the current page.</doc>
<status status="FAIL" start="2024-02-26T09:57:40.697113" elapsed="3.169982">1</status>
</kw>
<msg time="2024-02-26T09:57:43.867095" level="INFO">${status} = False</msg>
<var>${status}</var>
<arg>Page Should Contain Element</arg>
<arg>xpath=//input[@value='book']</arg>
<arg>${expected_book_elements}</arg>
<doc>Runs the given keyword with given arguments and returns the status as a Boolean value.</doc>
<status status="PASS" start="2024-02-26T09:57:40.697113" elapsed="3.169982"/>
</kw>
<if>
<branch type="IF" condition="${status}">
<kw name="Log" owner="BuiltIn">
<arg>The page's got the expected amount of elements with xpath=//input[@value='book']</arg>
<doc>Logs the given message with the given level.</doc>
<status status="NOT RUN" start="2024-02-26T09:57:43.868240" elapsed="0.001038"/>
</kw>
<status status="NOT RUN" start="2024-02-26T09:57:43.868240" elapsed="0.001148"/>
</branch>
<branch type="ELSE">
<kw name="Get WebElements" owner="SeleniumLibrary">
<msg time="2024-02-26T09:57:44.898061" level="INFO">${book_elements} = []</msg>
<var>${book_elements}</var>
<arg>xpath=//input[@value='book']</arg>
<doc>Returns a list of WebElement objects matching the ``locator``.</doc>
<status status="PASS" start="2024-02-26T09:57:43.869388" elapsed="1.028673"/>
</kw>
<kw name="Get Length" owner="BuiltIn">
<msg time="2024-02-26T09:57:44.899294" level="INFO">Length is 0.</msg>
<msg time="2024-02-26T09:57:44.900403" level="INFO">${actual_book_elements} = 0</msg>
<var>${actual_book_elements}</var>
<arg>${book_elements}</arg>
<doc>Returns and logs the length of the given item as an integer.</doc>
<status status="PASS" start="2024-02-26T09:57:44.899294" elapsed="0.001218"/>
</kw>
<kw name="Fail" owner="BuiltIn">
<msg time="2024-02-26T09:57:44.901668" level="FAIL">Found 0 elements with xpath=//input[@value='book'] instead of 1</msg>
<arg>Found ${actual_book_elements} elements with xpath=//input[@value='book'] instead of ${expected_book_elements}</arg>
<doc>Fails the test with the given message and optionally alters its tags.</doc>
<status status="FAIL" start="2024-02-26T09:57:44.900512" elapsed="0.002320">Found 0 elements with xpath=//input[@value='book'] instead of 1</status>
</kw>
<status status="FAIL" start="2024-02-26T09:57:43.869388" elapsed="1.033444">Found 0 elements with xpath=//input[@value='book'] instead of 1</status>
</branch>
<status status="FAIL" start="2024-02-26T09:57:43.868240" elapsed="1.034592">Found 0 elements with xpath=//input[@value='book'] instead of 1</status>
</if>
<tag>car-selection</tag>
<tag>filtering</tag>
<doc>Car Selection - Checks if there's a book button next to all filtered cars</doc>
<status status="FAIL" start="2024-02-26T09:57:39.682133" elapsed="5.220699">Found 0 elements with xpath=//input[@value='book'] instead of 1</status>
</kw>
<status status="FAIL" start="2024-02-26T09:56:24.622995" elapsed="80.282120">Found 0 elements with xpath=//input[@value='book'] instead of 1</status>
</test>
<kw name="Close test environment" owner="carRentalResources" type="TEARDOWN">
<kw name="Close Browser" owner="SeleniumLibrary">
<doc>Closes the current browser.</doc>
<status status="PASS" start="2024-02-26T09:57:44.909709" elapsed="3.235538"/>
</kw>
<doc>Closes Browser</doc>
<status status="PASS" start="2024-02-26T09:57:44.909709" elapsed="3.235538"/>
</kw>
<doc>Tests for Infotiv's car rental site: https://rental4.infotiv.net/</doc>
<status status="FAIL" start="2024-02-26T09:45:31.795037" elapsed="736.350210"/>
</suite>
<status status="FAIL" start="2024-02-26T09:45:31.792796" elapsed="736.355698"/>
</suite>
<status status="FAIL" start="2024-02-26T09:45:31.751491" elapsed="736.400233"/>
</suite>
<statistics>
<total>
<stat pass="4" fail="6" skip="0">All Tests</stat>
</total>
<tag>
</tag>
<suite>
<stat pass="4" fail="6" skip="0" id="s1" name="infotivCarRental">infotivCarRental</stat>
<stat pass="4" fail="6" skip="0" id="s1-s1" name="Tests">infotivCarRental.Tests</stat>
<stat pass="4" fail="6" skip="0" id="s1-s1-s1" name="carRental">infotivCarRental.Tests.carRental</stat>
</suite>
</statistics>
<errors>
</errors>
</robot>
