<?xml version="1.0" encoding="UTF-8"?>
<robot generator="Robot 7.0 (Python 3.12.1 on win32)" generated="2024-03-07T14:20:24.302696" rpa="false" schemaversion="5">
<suite id="s1" name="Jenkins-Lab" source="C:\Java\jenkins-lab">
<suite id="s1-s1" name="Selenium" source="C:\Java\jenkins-lab\Selenium">
<suite id="s1-s1-s1" name="infotivCarRental" source="C:\Java\jenkins-lab\Selenium\infotivCarRental">
<suite id="s1-s1-s1-s1" name="Tests" source="C:\Java\jenkins-lab\Selenium\infotivCarRental\tests">
<suite id="s1-s1-s1-s1-s1" name="carRental" source="C:\Java\jenkins-lab\Selenium\infotivCarRental\tests\carRental.robot">
<kw name="Setup test environment" owner="carRentalResources" type="SETUP">
<kw name="Set Selenium Speed" owner="SeleniumLibrary">
<arg>${selenium_speed}</arg>
<doc>Sets the delay that is waited after each Selenium command.</doc>
<status status="PASS" start="2024-03-07T14:20:24.572542" elapsed="0.000000"/>
</kw>
<kw name="Open Browser" owner="SeleniumLibrary">
<msg time="2024-03-07T14:20:24.572542" level="INFO">Opening browser 'Chrome' to base url 'None'.</msg>
<arg>browser=${browser}</arg>
<doc>Opens a new browser instance to the optional ``url``.</doc>
<status status="PASS" start="2024-03-07T14:20:24.572542" elapsed="1.506824"/>
</kw>
<kw name="Maximize Browser Window" owner="SeleniumLibrary">
<doc>Maximizes current browser window.</doc>
<status status="PASS" start="2024-03-07T14:20:26.079366" elapsed="0.145976"/>
</kw>
<doc>Sets Selenium speed, opens Chrome and maximizes browser window</doc>
<status status="PASS" start="2024-03-07T14:20:24.572542" elapsed="1.653800"/>
</kw>
<test id="s1-s1-s1-s1-s1-t1" name="Scenario: User tries to log in with invalid credentials" line="18">
<kw name="Initialize Test" owner="carRentalResources" type="SETUP">
<kw name="Go To" owner="SeleniumLibrary">
<msg time="2024-03-07T14:20:26.228345" level="INFO">Opening url 'https://rental4.infotiv.net/'</msg>
<arg>${homepage_url}</arg>
<doc>Navigates the current browser window to the provided ``url``.</doc>
<status status="PASS" start="2024-03-07T14:20:26.228345" elapsed="0.924677"/>
</kw>
<doc>Start all test cases from https://rental4.infotiv.net/</doc>
<status status="PASS" start="2024-03-07T14:20:26.227340" elapsed="0.925682"/>
</kw>
<kw name="Given User is on date selection page" owner="carRentalResources">
<kw name="Wait Until Element Contains" owner="SeleniumLibrary">
<arg>//h1[@id='questionText']</arg>
<arg>When do you want to make your trip?</arg>
<arg>timeout=15s</arg>
<doc>Waits until the element ``locator`` contains ``text``.</doc>
<status status="PASS" start="2024-03-07T14:20:27.157907" elapsed="0.030709"/>
</kw>
<tag>date-selection</tag>
<tag>VG_test</tag>
<doc>Date selection - Checks if user is on date selection page</doc>
<status status="PASS" start="2024-03-07T14:20:27.154026" elapsed="0.035386"/>
</kw>
<kw name="When User tries to log in with invalid credentials" owner="carRentalResources">
<kw name="Wait Until Element Is Visible" owner="SeleniumLibrary">
<arg>//input[@id='email']</arg>
<arg>timeout=15s</arg>
<doc>Waits until the element ``locator`` is visible.</doc>
<status status="PASS" start="2024-03-07T14:20:27.194403" elapsed="0.031068"/>
</kw>
<kw name="Wait Until Element Is Visible" owner="SeleniumLibrary">
<arg>//input[@id='password']</arg>
<arg>timeout=15s</arg>
<doc>Waits until the element ``locator`` is visible.</doc>
<status status="PASS" start="2024-03-07T14:20:27.225471" elapsed="0.017509"/>
</kw>
<kw name="Wait Until Element Is Visible" owner="SeleniumLibrary">
<arg>//button[@id='login']</arg>
<arg>timeout=15s</arg>
<doc>Waits until the element ``locator`` is visible.</doc>
<status status="PASS" start="2024-03-07T14:20:27.242980" elapsed="0.031552"/>
</kw>
<kw name="Input Text" owner="SeleniumLibrary">
<msg time="2024-03-07T14:20:27.274532" level="INFO">Typing text 'drottningen@slottet.se' into text field '//input[@id='email']'.</msg>
<arg>//input[@id='email']</arg>
<arg>${user_email}</arg>
<doc>Types the given ``text`` into the text field identified by ``locator``.</doc>
<status status="PASS" start="2024-03-07T14:20:27.274532" elapsed="0.119303"/>
</kw>
<kw name="Input Password" owner="SeleniumLibrary">
<msg time="2024-03-07T14:20:27.393835" level="INFO">Typing password into text field '//input[@id='password']'.</msg>
<msg time="2024-03-07T14:20:27.425340" level="INFO">Temporally setting log level to: NONE</msg>
<arg>//input[@id='password']</arg>
<arg>${user_password}</arg>
<doc>Types the given password into the text field identified by ``locator``.</doc>
<status status="PASS" start="2024-03-07T14:20:27.393835" elapsed="0.083668"/>
</kw>
<kw name="Click Button" owner="SeleniumLibrary">
<msg time="2024-03-07T14:20:27.477503" level="INFO">Clicking button '//button[@id='login']'.</msg>
<arg>//button[@id='login']</arg>
<doc>Clicks the button identified by ``locator``.</doc>
<status status="PASS" start="2024-03-07T14:20:27.477503" elapsed="0.238233"/>
</kw>
<arg>${invalid_user_email}</arg>
<arg>${invalid_user_password}</arg>
<tag>header</tag>
<tag>login</tag>
<doc>Header - User tries to log in in with invalid credentials</doc>
<status status="PASS" start="2024-03-07T14:20:27.193344" elapsed="0.522392"/>
</kw>
<kw name="Then An error message appears to the left of the buttons" owner="carRentalResources">
<kw name="Wait Until Element Contains" owner="SeleniumLibrary">
<arg>//label[@id='signInError']</arg>
<arg>Wrong e-mail or password</arg>
<arg>timeout=15s</arg>
<doc>Waits until the element ``locator`` contains ``text``.</doc>
<status status="PASS" start="2024-03-07T14:20:27.725999" elapsed="0.024536"/>
</kw>
<tag>header</tag>
<tag>login</tag>
<doc>Header - Checks for error message to the left of the buttons</doc>
<status status="PASS" start="2024-03-07T14:20:27.715736" elapsed="0.035813"/>
</kw>
<kw name="Cancel all bookings" owner="carRentalResources" type="TEARDOWN">
<kw name="Wait Until Element Is Visible" owner="SeleniumLibrary">
<arg>//input[@id='email']</arg>
<arg>timeout=15s</arg>
<doc>Waits until the element ``locator`` is visible.</doc>
<status status="PASS" start="2024-03-07T14:20:27.753541" elapsed="0.021029"/>
</kw>
<kw name="Wait Until Element Is Visible" owner="SeleniumLibrary">
<arg>//input[@id='password']</arg>
<arg>timeout=15s</arg>
<doc>Waits until the element ``locator`` is visible.</doc>
<status status="PASS" start="2024-03-07T14:20:27.775671" elapsed="0.018393"/>
</kw>
<kw name="Wait Until Element Is Visible" owner="SeleniumLibrary">
<arg>//button[@id='login']</arg>
<arg>timeout=15s</arg>
<doc>Waits until the element ``locator`` is visible.</doc>
<status status="PASS" start="2024-03-07T14:20:27.795062" elapsed="0.014578"/>
</kw>
<kw name="Input Text" owner="SeleniumLibrary">
<msg time="2024-03-07T14:20:27.809640" level="INFO">Typing text 'kungen@slottet.se' into text field '//input[@id='email']'.</msg>
<arg>//input[@id='email']</arg>
<arg>${valid_user_email}</arg>
<doc>Types the given ``text`` into the text field identified by ``locator``.</doc>
<status status="PASS" start="2024-03-07T14:20:27.809640" elapsed="0.080954"/>
</kw>
<kw name="Input Password" owner="SeleniumLibrary">
<msg time="2024-03-07T14:20:27.890594" level="INFO">Typing password into text field '//input[@id='password']'.</msg>
<msg time="2024-03-07T14:20:27.942533" level="INFO">Temporally setting log level to: NONE</msg>
<arg>//input[@id='password']</arg>
<arg>${valid_user_password}</arg>
<doc>Types the given password into the text field identified by ``locator``.</doc>
<status status="PASS" start="2024-03-07T14:20:27.890594" elapsed="0.089996"/>
</kw>
<kw name="Click Button" owner="SeleniumLibrary">
<msg time="2024-03-07T14:20:27.980590" level="INFO">Clicking button '//button[@id='login']'.</msg>
<arg>//button[@id='login']</arg>
<doc>Clicks the button identified by ``locator``.</doc>
<status status="PASS" start="2024-03-07T14:20:27.980590" elapsed="0.312972"/>
</kw>
<kw name="Wait Until Element Is Visible" owner="SeleniumLibrary">
<arg>//button[@id='mypage']</arg>
<arg>timeout=15s</arg>
<doc>Waits until the element ``locator`` is visible.</doc>
<status status="PASS" start="2024-03-07T14:20:28.293562" elapsed="0.014098"/>
</kw>
<kw name="Click Button" owner="SeleniumLibrary">
<msg time="2024-03-07T14:20:28.307660" level="INFO">Clicking button '//button[@id='mypage']'.</msg>
<arg>//button[@id='mypage']</arg>
<doc>Clicks the button identified by ``locator``.</doc>
<status status="PASS" start="2024-03-07T14:20:28.307660" elapsed="0.135633"/>
</kw>
<kw name="Wait Until Page Contains Element" owner="SeleniumLibrary">
<arg>//button[@id='show']</arg>
<arg>timeout=15s</arg>
<doc>Waits until the element ``locator`` appears on the current page.</doc>
<status status="PASS" start="2024-03-07T14:20:28.443293" elapsed="0.017155"/>
</kw>
<kw name="Run Keyword And Return Status" owner="BuiltIn">
<kw name="Element Should Be Visible" owner="SeleniumLibrary">
<msg time="2024-03-07T14:20:28.492055" level="INFO">Element 'xpath=//button[text()='Cancel booking']' is displayed.</msg>
<arg>xpath=//button[text()='Cancel booking']</arg>
<doc>Verifies that the element identified by ``locator`` is visible.</doc>
<status status="PASS" start="2024-03-07T14:20:28.460448" elapsed="0.031607"/>
</kw>
<msg time="2024-03-07T14:20:28.492055" level="INFO">${element_is_visible} = True</msg>
<var>${element_is_visible}</var>
<arg>Element Should Be Visible</arg>
<arg>xpath=//button[text()='Cancel booking']</arg>
<doc>Runs the given keyword with given arguments and returns the status as a Boolean value.</doc>
<status status="PASS" start="2024-03-07T14:20:28.460448" elapsed="0.031607"/>
</kw>
<if>
<branch type="IF" condition="${element_is_visible}">
<kw name="Get WebElements" owner="SeleniumLibrary">
<msg time="2024-03-07T14:20:28.492055" level="INFO">${cancel_buttons} = [&lt;selenium.webdriver.remote.webelement.WebElement (session="928e6b723511dbc6487b472f01fe8e34", element="f.F4952D936F0AE6827751EB866F7A5FD7.d.06B9B7A1C7F57D3E4D69454249860549.e.53")&gt;, &lt;selenium.webdriv...</msg>
<var>${cancel_buttons}</var>
<arg>xpath=//button[text()='Cancel booking']</arg>
<doc>Returns a list of WebElement objects matching the ``locator``.</doc>
<status status="PASS" start="2024-03-07T14:20:28.492055" elapsed="0.000000"/>
</kw>
<kw name="Get Length" owner="BuiltIn">
<msg time="2024-03-07T14:20:28.506576" level="INFO">Length is 2.</msg>
<msg time="2024-03-07T14:20:28.507771" level="INFO">${bookings_count} = 2</msg>
<var>${bookings_count}</var>
<arg>${cancel_buttons}</arg>
<doc>Returns and logs the length of the given item as an integer.</doc>
<status status="PASS" start="2024-03-07T14:20:28.506576" elapsed="0.001195"/>
</kw>
<for flavor="IN RANGE">
<iter>
<kw name="Get WebElement" owner="SeleniumLibrary">
<msg time="2024-03-07T14:20:28.507771" level="INFO">${cancel_button} = &lt;selenium.webdriver.remote.webelement.WebElement (session="928e6b723511dbc6487b472f01fe8e34", element="f.F4952D936F0AE6827751EB866F7A5FD7.d.06B9B7A1C7F57D3E4D69454249860549.e.53")&gt;</msg>
<var>${cancel_button}</var>
<arg>xpath=//button[text()='Cancel booking']</arg>
<doc>Returns the first WebElement matching the given ``locator``.</doc>
<status status="PASS" start="2024-03-07T14:20:28.507771" elapsed="0.000000"/>
</kw>
<kw name="Click Button" owner="SeleniumLibrary">
<msg time="2024-03-07T14:20:28.507771" level="INFO">Clicking button '&lt;selenium.webdriver.remote.webelement.WebElement (session="928e6b723511dbc6487b472f01fe8e34", element="f.F4952D936F0AE6827751EB866F7A5FD7.d.06B9B7A1C7F57D3E4D69454249860549.e.53")&gt;'.</msg>
<arg>${cancel_button}</arg>
<doc>Clicks the button identified by ``locator``.</doc>
<status status="PASS" start="2024-03-07T14:20:28.507771" elapsed="0.049920"/>
</kw>
<kw name="Handle Alert" owner="SeleniumLibrary">
<msg time="2024-03-07T14:20:28.558693" level="INFO">HANDLE::&lt;class 'NoneType'&gt;::None</msg>
<doc>Handles the current alert and returns its message.</doc>
<status status="PASS" start="2024-03-07T14:20:28.558693" elapsed="0.004816"/>
</kw>
<kw name="Page Should Contain" owner="SeleniumLibrary">
<msg time="2024-03-07T14:20:28.677212" level="INFO">Current page contains text 'has been Returned'.</msg>
<arg>has been Returned</arg>
<doc>Verifies that current page contains ``text``.</doc>
<status status="PASS" start="2024-03-07T14:20:28.563509" elapsed="0.113703"/>
</kw>
<kw name="Wait Until Element Is Visible" owner="SeleniumLibrary">
<arg>//button[@id='mypage']</arg>
<arg>timeout=15s</arg>
<doc>Waits until the element ``locator`` is visible.</doc>
<status status="PASS" start="2024-03-07T14:20:28.677212" elapsed="0.029561"/>
</kw>
<kw name="Click Button" owner="SeleniumLibrary">
<msg time="2024-03-07T14:20:28.708079" level="INFO">Clicking button '//button[@id='mypage']'.</msg>
<arg>//button[@id='mypage']</arg>
<doc>Clicks the button identified by ``locator``.</doc>
<status status="PASS" start="2024-03-07T14:20:28.706773" elapsed="0.126238"/>
</kw>
<var name="${i}">0</var>
<status status="PASS" start="2024-03-07T14:20:28.507771" elapsed="0.325240"/>
</iter>
<iter>
<kw name="Get WebElement" owner="SeleniumLibrary">
<msg time="2024-03-07T14:20:28.846371" level="INFO">${cancel_button} = &lt;selenium.webdriver.remote.webelement.WebElement (session="928e6b723511dbc6487b472f01fe8e34", element="f.F4952D936F0AE6827751EB866F7A5FD7.d.22DB546147707618813DE41F937BF9E0.e.71")&gt;</msg>
<var>${cancel_button}</var>
<arg>xpath=//button[text()='Cancel booking']</arg>
<doc>Returns the first WebElement matching the given ``locator``.</doc>
<status status="PASS" start="2024-03-07T14:20:28.833011" elapsed="0.013360"/>
</kw>
<kw name="Click Button" owner="SeleniumLibrary">
<msg time="2024-03-07T14:20:28.846371" level="INFO">Clicking button '&lt;selenium.webdriver.remote.webelement.WebElement (session="928e6b723511dbc6487b472f01fe8e34", element="f.F4952D936F0AE6827751EB866F7A5FD7.d.22DB546147707618813DE41F937BF9E0.e.71")&gt;'.</msg>
<arg>${cancel_button}</arg>
<doc>Clicks the button identified by ``locator``.</doc>
<status status="PASS" start="2024-03-07T14:20:28.846371" elapsed="0.028300"/>
</kw>
<kw name="Handle Alert" owner="SeleniumLibrary">
<msg time="2024-03-07T14:20:28.874671" level="INFO">HANDLE::&lt;class 'NoneType'&gt;::None</msg>
<doc>Handles the current alert and returns its message.</doc>
<status status="PASS" start="2024-03-07T14:20:28.874671" elapsed="0.000000"/>
</kw>
<kw name="Page Should Contain" owner="SeleniumLibrary">
<msg time="2024-03-07T14:20:29.007915" level="INFO">Current page contains text 'has been Returned'.</msg>
<arg>has been Returned</arg>
<doc>Verifies that current page contains ``text``.</doc>
<status status="PASS" start="2024-03-07T14:20:28.874671" elapsed="0.133244"/>
</kw>
<kw name="Wait Until Element Is Visible" owner="SeleniumLibrary">
<arg>//button[@id='mypage']</arg>
<arg>timeout=15s</arg>
<doc>Waits until the element ``locator`` is visible.</doc>
<status status="PASS" start="2024-03-07T14:20:29.007915" elapsed="0.016911"/>
</kw>
<kw name="Click Button" owner="SeleniumLibrary">
<msg time="2024-03-07T14:20:29.024826" level="INFO">Clicking button '//button[@id='mypage']'.</msg>
<arg>//button[@id='mypage']</arg>
<doc>Clicks the button identified by ``locator``.</doc>
<status status="PASS" start="2024-03-07T14:20:29.024826" elapsed="0.151898"/>
</kw>
<var name="${i}">1</var>
<status status="PASS" start="2024-03-07T14:20:28.833011" elapsed="0.343713"/>
</iter>
<var>${i}</var>
<value>${bookings_count}</value>
<status status="PASS" start="2024-03-07T14:20:28.507771" elapsed="0.668953"/>
</for>
<status status="PASS" start="2024-03-07T14:20:28.492055" elapsed="0.684669"/>
</branch>
<status status="PASS" start="2024-03-07T14:20:28.492055" elapsed="0.684669"/>
</if>
<kw name="Wait Until Element Is Visible" owner="SeleniumLibrary">
<arg>//button[@id='logout']</arg>
<arg>timeout=15s</arg>
<doc>Waits until the element ``locator`` is visible.</doc>
<status status="PASS" start="2024-03-07T14:20:29.176724" elapsed="0.030243"/>
</kw>
<kw name="Click Button" owner="SeleniumLibrary">
<msg time="2024-03-07T14:20:29.207968" level="INFO">Clicking button '//button[@id='logout']'.</msg>
<arg>//button[@id='logout']</arg>
<doc>Clicks the button identified by ``locator``.</doc>
<status status="PASS" start="2024-03-07T14:20:29.207968" elapsed="0.197206"/>
</kw>
<kw name="Go To" owner="SeleniumLibrary">
<msg time="2024-03-07T14:20:29.406866" level="INFO">Opening url 'https://rental4.infotiv.net/'</msg>
<arg>${homepage_url}</arg>
<doc>Navigates the current browser window to the provided ``url``.</doc>
<status status="PASS" start="2024-03-07T14:20:29.406194" elapsed="0.088386"/>
</kw>
<doc>Loops through all bookings and cancels them</doc>
<status status="PASS" start="2024-03-07T14:20:27.753541" elapsed="1.741039"/>
</kw>
<status status="PASS" start="2024-03-07T14:20:26.226342" elapsed="3.269258"/>
</test>
<kw name="Close test environment" owner="carRentalResources" type="TEARDOWN">
<kw name="Close Browser" owner="SeleniumLibrary">
<doc>Closes the current browser.</doc>
<status status="PASS" start="2024-03-07T14:20:29.495600" elapsed="2.127216"/>
</kw>
<doc>Closes Browser</doc>
<status status="PASS" start="2024-03-07T14:20:29.495600" elapsed="2.127216"/>
</kw>
<doc>Tests for Infotiv's car rental site: https://rental4.infotiv.net/</doc>
<status status="PASS" start="2024-03-07T14:20:24.349630" elapsed="7.273186"/>
</suite>
<status status="PASS" start="2024-03-07T14:20:24.347519" elapsed="7.276557"/>
</suite>
<status status="PASS" start="2024-03-07T14:20:24.333944" elapsed="7.290132"/>
</suite>
<status status="PASS" start="2024-03-07T14:20:24.333944" elapsed="7.290132"/>
</suite>
<status status="PASS" start="2024-03-07T14:20:24.302696" elapsed="7.330795"/>
</suite>
<statistics>
<total>
<stat pass="1" fail="0" skip="0">All Tests</stat>
</total>
<tag>
</tag>
<suite>
<stat pass="1" fail="0" skip="0" id="s1" name="Jenkins-Lab">Jenkins-Lab</stat>
<stat pass="1" fail="0" skip="0" id="s1-s1" name="Selenium">Jenkins-Lab.Selenium</stat>
<stat pass="1" fail="0" skip="0" id="s1-s1-s1" name="infotivCarRental">Jenkins-Lab.Selenium.infotivCarRental</stat>
<stat pass="1" fail="0" skip="0" id="s1-s1-s1-s1" name="Tests">Jenkins-Lab.Selenium.infotivCarRental.Tests</stat>
<stat pass="1" fail="0" skip="0" id="s1-s1-s1-s1-s1" name="carRental">Jenkins-Lab.Selenium.infotivCarRental.Tests.carRental</stat>
</suite>
</statistics>
<errors>
</errors>
</robot>
