<?xml version="1.0" encoding="UTF-8"?>
<robot generator="Robot 7.0 (Python 3.12.1 on win32)" generated="2024-03-04T09:45:27.619023" rpa="false" schemaversion="5">
<suite id="s1" name="Jenkins-Lab" source="C:\Java\jenkins-lab">
<suite id="s1-s1" name="Selenium" source="C:\Java\jenkins-lab\Selenium">
<suite id="s1-s1-s1" name="infotivCarRental" source="C:\Java\jenkins-lab\Selenium\infotivCarRental">
<suite id="s1-s1-s1-s1" name="Tests" source="C:\Java\jenkins-lab\Selenium\infotivCarRental\tests">
<suite id="s1-s1-s1-s1-s1" name="carRental" source="C:\Java\jenkins-lab\Selenium\infotivCarRental\tests\carRental.robot">
<kw name="Setup test environment" owner="carRentalResources" type="SETUP">
<kw name="Set Selenium Speed" owner="SeleniumLibrary">
<arg>${selenium_speed}</arg>
<doc>Sets the delay that is waited after each Selenium command.</doc>
<status status="PASS" start="2024-03-04T09:45:27.907814" elapsed="0.000997"/>
</kw>
<kw name="Open Browser" owner="SeleniumLibrary">
<msg time="2024-03-04T09:45:27.908811" level="INFO">Opening browser 'Chrome' to base url 'None'.</msg>
<arg>browser=${browser}</arg>
<doc>Opens a new browser instance to the optional ``url``.</doc>
<status status="PASS" start="2024-03-04T09:45:27.908811" elapsed="1.554633"/>
</kw>
<kw name="Maximize Browser Window" owner="SeleniumLibrary">
<doc>Maximizes current browser window.</doc>
<status status="PASS" start="2024-03-04T09:45:29.464443" elapsed="0.124885"/>
</kw>
<doc>Sets Selenium speed, opens Chrome and maximizes browser window</doc>
<status status="PASS" start="2024-03-04T09:45:27.906814" elapsed="1.682514"/>
</kw>
<test id="s1-s1-s1-s1-s1-t1" name="Scenario: User tries to log in with invalid credentials" line="17">
<kw name="Initialize Test" owner="carRentalResources" type="SETUP">
<kw name="Go To" owner="SeleniumLibrary">
<msg time="2024-03-04T09:45:29.592335" level="INFO">Opening url 'https://rental4.infotiv.net/'</msg>
<arg>${homepage_url}</arg>
<doc>Navigates the current browser window to the provided ``url``.</doc>
<status status="PASS" start="2024-03-04T09:45:29.592335" elapsed="0.699687"/>
</kw>
<kw name="Wait Until Element Is Visible" owner="SeleniumLibrary">
<arg>//input[@id='email']</arg>
<arg>timeout=15s</arg>
<doc>Waits until the element ``locator`` is visible.</doc>
<status status="PASS" start="2024-03-04T09:45:30.293022" elapsed="0.031452"/>
</kw>
<kw name="Wait Until Element Is Visible" owner="SeleniumLibrary">
<arg>//input[@id='password']</arg>
<arg>timeout=15s</arg>
<doc>Waits until the element ``locator`` is visible.</doc>
<status status="PASS" start="2024-03-04T09:45:30.325595" elapsed="0.031329"/>
</kw>
<kw name="Wait Until Element Is Visible" owner="SeleniumLibrary">
<arg>//button[@id='login']</arg>
<arg>timeout=15s</arg>
<doc>Waits until the element ``locator`` is visible.</doc>
<status status="PASS" start="2024-03-04T09:45:30.356924" elapsed="0.026536"/>
</kw>
<kw name="Input Text" owner="SeleniumLibrary">
<msg time="2024-03-04T09:45:30.384457" level="INFO">Typing text 'kungen@slottet.se' into text field '//input[@id='email']'.</msg>
<arg>//input[@id='email']</arg>
<arg>${valid_user_email}</arg>
<doc>Types the given ``text`` into the text field identified by ``locator``.</doc>
<status status="PASS" start="2024-03-04T09:45:30.383460" elapsed="0.118824"/>
</kw>
<kw name="Input Password" owner="SeleniumLibrary">
<msg time="2024-03-04T09:45:30.503285" level="INFO">Typing password into text field '//input[@id='password']'.</msg>
<msg time="2024-03-04T09:45:30.539483" level="INFO">Temporally setting log level to: NONE</msg>
<arg>//input[@id='password']</arg>
<arg>${valid_user_password}</arg>
<doc>Types the given password into the text field identified by ``locator``.</doc>
<status status="PASS" start="2024-03-04T09:45:30.502284" elapsed="0.085330"/>
</kw>
<kw name="Click Button" owner="SeleniumLibrary">
<msg time="2024-03-04T09:45:30.588629" level="INFO">Clicking button '//button[@id='login']'.</msg>
<arg>//button[@id='login']</arg>
<doc>Clicks the button identified by ``locator``.</doc>
<status status="PASS" start="2024-03-04T09:45:30.587614" elapsed="0.326388"/>
</kw>
<kw name="Wait Until Element Is Visible" owner="SeleniumLibrary">
<arg>//button[@id='mypage']</arg>
<arg>timeout=15s</arg>
<doc>Waits until the element ``locator`` is visible.</doc>
<status status="PASS" start="2024-03-04T09:45:30.914002" elapsed="0.026094"/>
</kw>
<kw name="Click Button" owner="SeleniumLibrary">
<msg time="2024-03-04T09:45:30.941098" level="INFO">Clicking button '//button[@id='mypage']'.</msg>
<arg>//button[@id='mypage']</arg>
<doc>Clicks the button identified by ``locator``.</doc>
<status status="PASS" start="2024-03-04T09:45:30.941098" elapsed="0.131182"/>
</kw>
<kw name="Wait Until Page Contains Element" owner="SeleniumLibrary">
<arg>//button[@id='show']</arg>
<arg>timeout=15s</arg>
<doc>Waits until the element ``locator`` appears on the current page.</doc>
<status status="PASS" start="2024-03-04T09:45:31.073279" elapsed="0.014993"/>
</kw>
<kw name="Run Keyword And Return Status" owner="BuiltIn">
<kw name="Element Should Be Visible" owner="SeleniumLibrary">
<msg time="2024-03-04T09:45:31.117290" level="INFO">Element 'xpath=//button[text()='Cancel booking']' is displayed.</msg>
<arg>xpath=//button[text()='Cancel booking']</arg>
<doc>Verifies that the element identified by ``locator`` is visible.</doc>
<status status="PASS" start="2024-03-04T09:45:31.089269" elapsed="0.029019"/>
</kw>
<msg time="2024-03-04T09:45:31.118288" level="INFO">${element_is_visible} = True</msg>
<var>${element_is_visible}</var>
<arg>Element Should Be Visible</arg>
<arg>xpath=//button[text()='Cancel booking']</arg>
<doc>Runs the given keyword with given arguments and returns the status as a Boolean value.</doc>
<status status="PASS" start="2024-03-04T09:45:31.089269" elapsed="0.029019"/>
</kw>
<if>
<branch type="IF" condition="${element_is_visible}">
<kw name="Get WebElements" owner="SeleniumLibrary">
<msg time="2024-03-04T09:45:31.129159" level="INFO">@{cancel_buttons} = [ &lt;selenium.webdriver.remote.webelement.WebElement (session="2c13c9b9f2b3b1b2b57b4f523f3871fc", element="f.4BC99FD9C9337F5B0F6B7F8361143E88.d.155A6A5F9EADF9D569F80230D3F7C460.e.35")&gt; | &lt;selenium.webdr...</msg>
<var>@{cancel_buttons}</var>
<arg>xpath=//button[text()='Cancel booking']</arg>
<doc>Returns a list of WebElement objects matching the ``locator``.</doc>
<status status="PASS" start="2024-03-04T09:45:31.119302" elapsed="0.009857"/>
</kw>
<for flavor="IN">
<iter>
<kw name="Wait Until Element Is Visible" owner="SeleniumLibrary">
<arg>${cancel_button}</arg>
<doc>Waits until the element ``locator`` is visible.</doc>
<status status="PASS" start="2024-03-04T09:45:31.130157" elapsed="0.012361"/>
</kw>
<kw name="Click Button" owner="SeleniumLibrary">
<msg time="2024-03-04T09:45:31.143516" level="INFO">Clicking button '&lt;selenium.webdriver.remote.webelement.WebElement (session="2c13c9b9f2b3b1b2b57b4f523f3871fc", element="f.4BC99FD9C9337F5B0F6B7F8361143E88.d.155A6A5F9EADF9D569F80230D3F7C460.e.35")&gt;'.</msg>
<arg>${cancel_button}</arg>
<doc>Clicks the button identified by ``locator``.</doc>
<status status="PASS" start="2024-03-04T09:45:31.142518" elapsed="0.037928"/>
</kw>
<kw name="Handle Alert" owner="SeleniumLibrary">
<msg time="2024-03-04T09:45:31.181466" level="INFO">HANDLE::&lt;class 'NoneType'&gt;::None</msg>
<doc>Handles the current alert and returns its message.</doc>
<status status="PASS" start="2024-03-04T09:45:31.181466" elapsed="0.004980"/>
</kw>
<kw name="Wait Until Page Contains" owner="SeleniumLibrary">
<arg>has been Returned</arg>
<doc>Waits until ``text`` appears on the current page.</doc>
<status status="PASS" start="2024-03-04T09:45:31.187446" elapsed="0.126125"/>
</kw>
<kw name="Wait Until Element Is Visible" owner="SeleniumLibrary">
<arg>//button[@id='mypage']</arg>
<arg>timeout=15s</arg>
<doc>Waits until the element ``locator`` is visible.</doc>
<status status="PASS" start="2024-03-04T09:45:31.313571" elapsed="0.021764"/>
</kw>
<kw name="Click Button" owner="SeleniumLibrary">
<msg time="2024-03-04T09:45:31.335896" level="INFO">Clicking button '//button[@id='mypage']'.</msg>
<arg>//button[@id='mypage']</arg>
<doc>Clicks the button identified by ``locator``.</doc>
<status status="PASS" start="2024-03-04T09:45:31.335896" elapsed="0.140758"/>
</kw>
<var name="${cancel_button}">&lt;selenium.webdriver.remote.webelement.WebElement (session="2c13c9b9f2b3b1b2b57b4f523f3871fc", element="f.4BC99FD9C9337F5B0F6B7F8361143E88.d.155A6A5F9EADF9D569F80230D3F7C460.e.35")&gt;</var>
<status status="PASS" start="2024-03-04T09:45:31.130157" elapsed="0.346497"/>
</iter>
<iter>
<kw name="Wait Until Element Is Visible" owner="SeleniumLibrary">
<msg time="2024-03-04T09:45:31.485639" level="INFO">Suppressing StaleElementReferenceException from Selenium.</msg>
<msg time="2024-03-04T09:45:31.691140" level="INFO">Suppressing StaleElementReferenceException from Selenium.</msg>
<msg time="2024-03-04T09:45:31.896537" level="INFO">Suppressing StaleElementReferenceException from Selenium.</msg>
<msg time="2024-03-04T09:45:32.101792" level="INFO">Suppressing StaleElementReferenceException from Selenium.</msg>
<msg time="2024-03-04T09:45:32.307697" level="INFO">Suppressing StaleElementReferenceException from Selenium.</msg>
<msg time="2024-03-04T09:45:32.513010" level="INFO">Suppressing StaleElementReferenceException from Selenium.</msg>
<msg time="2024-03-04T09:45:32.719160" level="INFO">Suppressing StaleElementReferenceException from Selenium.</msg>
<msg time="2024-03-04T09:45:32.924149" level="INFO">Suppressing StaleElementReferenceException from Selenium.</msg>
<msg time="2024-03-04T09:45:33.128761" level="INFO">Suppressing StaleElementReferenceException from Selenium.</msg>
<msg time="2024-03-04T09:45:33.334113" level="INFO">Suppressing StaleElementReferenceException from Selenium.</msg>
<msg time="2024-03-04T09:45:33.539449" level="INFO">Suppressing StaleElementReferenceException from Selenium.</msg>
<msg time="2024-03-04T09:45:33.744317" level="INFO">Suppressing StaleElementReferenceException from Selenium.</msg>
<msg time="2024-03-04T09:45:33.950308" level="INFO">Suppressing StaleElementReferenceException from Selenium.</msg>
<msg time="2024-03-04T09:45:34.156320" level="INFO">Suppressing StaleElementReferenceException from Selenium.</msg>
<msg time="2024-03-04T09:45:34.361981" level="INFO">Suppressing StaleElementReferenceException from Selenium.</msg>
<msg time="2024-03-04T09:45:34.567054" level="INFO">Suppressing StaleElementReferenceException from Selenium.</msg>
<msg time="2024-03-04T09:45:34.772627" level="INFO">Suppressing StaleElementReferenceException from Selenium.</msg>
<msg time="2024-03-04T09:45:34.978413" level="INFO">Suppressing StaleElementReferenceException from Selenium.</msg>
<msg time="2024-03-04T09:45:35.184277" level="INFO">Suppressing StaleElementReferenceException from Selenium.</msg>
<msg time="2024-03-04T09:45:35.389444" level="INFO">Suppressing StaleElementReferenceException from Selenium.</msg>
<msg time="2024-03-04T09:45:35.595539" level="INFO">Suppressing StaleElementReferenceException from Selenium.</msg>
<msg time="2024-03-04T09:45:35.801187" level="INFO">Suppressing StaleElementReferenceException from Selenium.</msg>
<msg time="2024-03-04T09:45:36.006747" level="INFO">Suppressing StaleElementReferenceException from Selenium.</msg>
<msg time="2024-03-04T09:45:36.211918" level="INFO">Suppressing StaleElementReferenceException from Selenium.</msg>
<msg time="2024-03-04T09:45:36.417552" level="INFO">Suppressing StaleElementReferenceException from Selenium.</msg>
<msg time="2024-03-04T09:45:36.719013" level="INFO" html="true">&lt;/td&gt;&lt;/tr&gt;&lt;tr&gt;&lt;td colspan="3"&gt;&lt;a href="selenium-screenshot-2.png"&gt;&lt;img src="selenium-screenshot-2.png" width="800px"&gt;&lt;/a&gt;</msg>
<msg time="2024-03-04T09:45:36.720010" level="FAIL">Message: stale element reference: stale element not found
  (Session info: chrome=122.0.6261.95); For documentation on this error, please visit: https://www.selenium.dev/documentation/webdriver/troubleshooting/errors#stale-element-reference-exception
Stacktrace:
	GetHandleVerifier [0x00007FF72D0DAD22+56930]
	(No symbol) [0x00007FF72D04F622]
	(No symbol) [0x00007FF72CF042E5]
	(No symbol) [0x00007FF72CF13EB1]
	(No symbol) [0x00007FF72CF09FB4]
	(No symbol) [0x00007FF72CF0A139]
	(No symbol) [0x00007FF72CF0827A]
	(No symbol) [0x00007FF72CF0B9FD]
	(No symbol) [0x00007FF72CF88E57]
	(No symbol) [0x00007FF72CF6BC9A]
	(No symbol) [0x00007FF72CF881E2]
	(No symbol) [0x00007FF72CF6BA43]
	(No symbol) [0x00007FF72CF3D438]
	(No symbol) [0x00007FF72CF3E4D1]
	GetHandleVerifier [0x00007FF72D456AAD+3709933]
	GetHandleVerifier [0x00007FF72D4AFFED+4075821]
	GetHandleVerifier [0x00007FF72D4A817F+4043455]
	GetHandleVerifier [0x00007FF72D179756+706710]
	(No symbol) [0x00007FF72D05B8FF]
	(No symbol) [0x00007FF72D056AE4]
	(No symbol) [0x00007FF72D056C3C]
	(No symbol) [0x00007FF72D0468F4]
	BaseThreadInitThunk [0x00007FFD89887344+20]
	RtlUserThreadStart [0x00007FFD8B8826B1+33]
</msg>
<arg>${cancel_button}</arg>
<doc>Waits until the element ``locator`` is visible.</doc>
<status status="FAIL" start="2024-03-04T09:45:31.477659" elapsed="5.245366">Message: stale element reference: stale element not found
  (Session info: chrome=122.0.6261.95); For documentation on this error, please visit: https://www.selenium.dev/documentation/webdriver/troubleshooting/errors#stale-element-reference-exception
Stacktrace:
	GetHandleVerifier [0x00007FF72D0DAD22+56930]
	(No symbol) [0x00007FF72D04F622]
	(No symbol) [0x00007FF72CF042E5]
	(No symbol) [0x00007FF72CF13EB1]
	(No symbol) [0x00007FF72CF09FB4]
	(No symbol) [0x00007FF72CF0A139]
	(No symbol) [0x00007FF72CF0827A]
	(No symbol) [0x00007FF72CF0B9FD]
	(No symbol) [0x00007FF72CF88E57]
	(No symbol) [0x00007FF72CF6BC9A]
	(No symbol) [0x00007FF72CF881E2]
	(No symbol) [0x00007FF72CF6BA43]
	(No symbol) [0x00007FF72CF3D438]
	(No symbol) [0x00007FF72CF3E4D1]
	GetHandleVerifier [0x00007FF72D456AAD+3709933]
	GetHandleVerifier [0x00007FF72D4AFFED+4075821]
	GetHandleVerifier [0x00007FF72D4A817F+4043455]
	GetHandleVerifier [0x00007FF72D179756+706710]
	(No symbol) [0x00007FF72D05B8FF]
	(No symbol) [0x00007FF72D056AE4]
	(No symbol) [0x00007FF72D056C3C]
	(No symbol) [0x00007FF72D0468F4]
	BaseThreadInitThunk [0x00007FFD89887344+20]
	RtlUserThreadStart [0x00007FFD8B8826B1+33]
</status>
</kw>
<kw name="Click Button" owner="SeleniumLibrary">
<arg>${cancel_button}</arg>
<doc>Clicks the button identified by ``locator``.</doc>
<status status="NOT RUN" start="2024-03-04T09:45:36.723025" elapsed="0.000000"/>
</kw>
<kw name="Handle Alert" owner="SeleniumLibrary">
<doc>Handles the current alert and returns its message.</doc>
<status status="NOT RUN" start="2024-03-04T09:45:36.723025" elapsed="0.000000"/>
</kw>
<kw name="Wait Until Page Contains" owner="SeleniumLibrary">
<arg>has been Returned</arg>
<doc>Waits until ``text`` appears on the current page.</doc>
<status status="NOT RUN" start="2024-03-04T09:45:36.724023" elapsed="0.000000"/>
</kw>
<kw name="Wait Until Element Is Visible" owner="SeleniumLibrary">
<arg>//button[@id='mypage']</arg>
<arg>timeout=15s</arg>
<doc>Waits until the element ``locator`` is visible.</doc>
<status status="NOT RUN" start="2024-03-04T09:45:36.724023" elapsed="0.000000"/>
</kw>
<kw name="Click Button" owner="SeleniumLibrary">
<arg>//button[@id='mypage']</arg>
<doc>Clicks the button identified by ``locator``.</doc>
<status status="NOT RUN" start="2024-03-04T09:45:36.724023" elapsed="0.000000"/>
</kw>
<var name="${cancel_button}">&lt;selenium.webdriver.remote.webelement.WebElement (session="2c13c9b9f2b3b1b2b57b4f523f3871fc", element="f.4BC99FD9C9337F5B0F6B7F8361143E88.d.155A6A5F9EADF9D569F80230D3F7C460.e.36")&gt;</var>
<status status="FAIL" start="2024-03-04T09:45:31.477659" elapsed="5.247363">Message: stale element reference: stale element not found
  (Session info: chrome=122.0.6261.95); For documentation on this error, please visit: https://www.selenium.dev/documentation/webdriver/troubleshooting/errors#stale-element-reference-exception
Stacktrace:
	GetHandleVerifier [0x00007FF72D0DAD22+56930]
	(No symbol) [0x00007FF72D04F622]
	(No symbol) [0x00007FF72CF042E5]
	(No symbol) [0x00007FF72CF13EB1]
	(No symbol) [0x00007FF72CF09FB4]
	(No symbol) [0x00007FF72CF0A139]
	(No symbol) [0x00007FF72CF0827A]
	(No symbol) [0x00007FF72CF0B9FD]
	(No symbol) [0x00007FF72CF88E57]
	(No symbol) [0x00007FF72CF6BC9A]
	(No symbol) [0x00007FF72CF881E2]
	(No symbol) [0x00007FF72CF6BA43]
	(No symbol) [0x00007FF72CF3D438]
	(No symbol) [0x00007FF72CF3E4D1]
	GetHandleVerifier [0x00007FF72D456AAD+3709933]
	GetHandleVerifier [0x00007FF72D4AFFED+4075821]
	GetHandleVerifier [0x00007FF72D4A817F+4043455]
	GetHandleVerifier [0x00007FF72D179756+706710]
	(No symbol) [0x00007FF72D05B8FF]
	(No symbol) [0x00007FF72D056AE4]
	(No symbol) [0x00007FF72D056C3C]
	(No symbol) [0x00007FF72D0468F4]
	BaseThreadInitThunk [0x00007FFD89887344+20]
	RtlUserThreadStart [0x00007FFD8B8826B1+33]
</status>
</iter>
<var>${cancel_button}</var>
<value>@{cancel_buttons}</value>
<status status="FAIL" start="2024-03-04T09:45:31.129159" elapsed="5.595863">Message: stale element reference: stale element not found
  (Session info: chrome=122.0.6261.95); For documentation on this error, please visit: https://www.selenium.dev/documentation/webdriver/troubleshooting/errors#stale-element-reference-exception
Stacktrace:
	GetHandleVerifier [0x00007FF72D0DAD22+56930]
	(No symbol) [0x00007FF72D04F622]
	(No symbol) [0x00007FF72CF042E5]
	(No symbol) [0x00007FF72CF13EB1]
	(No symbol) [0x00007FF72CF09FB4]
	(No symbol) [0x00007FF72CF0A139]
	(No symbol) [0x00007FF72CF0827A]
	(No symbol) [0x00007FF72CF0B9FD]
	(No symbol) [0x00007FF72CF88E57]
	(No symbol) [0x00007FF72CF6BC9A]
	(No symbol) [0x00007FF72CF881E2]
	(No symbol) [0x00007FF72CF6BA43]
	(No symbol) [0x00007FF72CF3D438]
	(No symbol) [0x00007FF72CF3E4D1]
	GetHandleVerifier [0x00007FF72D456AAD+3709933]
	GetHandleVerifier [0x00007FF72D4AFFED+4075821]
	GetHandleVerifier [0x00007FF72D4A817F+4043455]
	GetHandleVerifier [0x00007FF72D179756+706710]
	(No symbol) [0x00007FF72D05B8FF]
	(No symbol) [0x00007FF72D056AE4]
	(No symbol) [0x00007FF72D056C3C]
	(No symbol) [0x00007FF72D0468F4]
	BaseThreadInitThunk [0x00007FFD89887344+20]
	RtlUserThreadStart [0x00007FFD8B8826B1+33]
</status>
</for>
<status status="FAIL" start="2024-03-04T09:45:31.119302" elapsed="5.605720">Message: stale element reference: stale element not found
  (Session info: chrome=122.0.6261.95); For documentation on this error, please visit: https://www.selenium.dev/documentation/webdriver/troubleshooting/errors#stale-element-reference-exception
Stacktrace:
	GetHandleVerifier [0x00007FF72D0DAD22+56930]
	(No symbol) [0x00007FF72D04F622]
	(No symbol) [0x00007FF72CF042E5]
	(No symbol) [0x00007FF72CF13EB1]
	(No symbol) [0x00007FF72CF09FB4]
	(No symbol) [0x00007FF72CF0A139]
	(No symbol) [0x00007FF72CF0827A]
	(No symbol) [0x00007FF72CF0B9FD]
	(No symbol) [0x00007FF72CF88E57]
	(No symbol) [0x00007FF72CF6BC9A]
	(No symbol) [0x00007FF72CF881E2]
	(No symbol) [0x00007FF72CF6BA43]
	(No symbol) [0x00007FF72CF3D438]
	(No symbol) [0x00007FF72CF3E4D1]
	GetHandleVerifier [0x00007FF72D456AAD+3709933]
	GetHandleVerifier [0x00007FF72D4AFFED+4075821]
	GetHandleVerifier [0x00007FF72D4A817F+4043455]
	GetHandleVerifier [0x00007FF72D179756+706710]
	(No symbol) [0x00007FF72D05B8FF]
	(No symbol) [0x00007FF72D056AE4]
	(No symbol) [0x00007FF72D056C3C]
	(No symbol) [0x00007FF72D0468F4]
	BaseThreadInitThunk [0x00007FFD89887344+20]
	RtlUserThreadStart [0x00007FFD8B8826B1+33]
</status>
</branch>
<status status="FAIL" start="2024-03-04T09:45:31.119302" elapsed="5.605720">Message: stale element reference: stale element not found
  (Session info: chrome=122.0.6261.95); For documentation on this error, please visit: https://www.selenium.dev/documentation/webdriver/troubleshooting/errors#stale-element-reference-exception
Stacktrace:
	GetHandleVerifier [0x00007FF72D0DAD22+56930]
	(No symbol) [0x00007FF72D04F622]
	(No symbol) [0x00007FF72CF042E5]
	(No symbol) [0x00007FF72CF13EB1]
	(No symbol) [0x00007FF72CF09FB4]
	(No symbol) [0x00007FF72CF0A139]
	(No symbol) [0x00007FF72CF0827A]
	(No symbol) [0x00007FF72CF0B9FD]
	(No symbol) [0x00007FF72CF88E57]
	(No symbol) [0x00007FF72CF6BC9A]
	(No symbol) [0x00007FF72CF881E2]
	(No symbol) [0x00007FF72CF6BA43]
	(No symbol) [0x00007FF72CF3D438]
	(No symbol) [0x00007FF72CF3E4D1]
	GetHandleVerifier [0x00007FF72D456AAD+3709933]
	GetHandleVerifier [0x00007FF72D4AFFED+4075821]
	GetHandleVerifier [0x00007FF72D4A817F+4043455]
	GetHandleVerifier [0x00007FF72D179756+706710]
	(No symbol) [0x00007FF72D05B8FF]
	(No symbol) [0x00007FF72D056AE4]
	(No symbol) [0x00007FF72D056C3C]
	(No symbol) [0x00007FF72D0468F4]
	BaseThreadInitThunk [0x00007FFD89887344+20]
	RtlUserThreadStart [0x00007FFD8B8826B1+33]
</status>
</if>
<kw name="Wait Until Element Is Visible" owner="SeleniumLibrary">
<arg>//button[@id='logout']</arg>
<arg>timeout=15s</arg>
<doc>Waits until the element ``locator`` is visible.</doc>
<status status="NOT RUN" start="2024-03-04T09:45:36.725022" elapsed="0.000000"/>
</kw>
<kw name="Click Button" owner="SeleniumLibrary">
<arg>//button[@id='logout']</arg>
<doc>Clicks the button identified by ``locator``.</doc>
<status status="NOT RUN" start="2024-03-04T09:45:36.726022" elapsed="0.000059"/>
</kw>
<kw name="Go To" owner="SeleniumLibrary">
<arg>${homepage_url}</arg>
<doc>Navigates the current browser window to the provided ``url``.</doc>
<status status="NOT RUN" start="2024-03-04T09:45:36.726081" elapsed="0.000335"/>
</kw>
<doc>Cancel booking and start all test cases from https://rental4.infotiv.net/</doc>
<status status="FAIL" start="2024-03-04T09:45:29.591326" elapsed="7.135090">Message: stale element reference: stale element not found
  (Session info: chrome=122.0.6261.95); For documentation on this error, please visit: https://www.selenium.dev/documentation/webdriver/troubleshooting/errors#stale-element-reference-exception
Stacktrace:
	GetHandleVerifier [0x00007FF72D0DAD22+56930]
	(No symbol) [0x00007FF72D04F622]
	(No symbol) [0x00007FF72CF042E5]
	(No symbol) [0x00007FF72CF13EB1]
	(No symbol) [0x00007FF72CF09FB4]
	(No symbol) [0x00007FF72CF0A139]
	(No symbol) [0x00007FF72CF0827A]
	(No symbol) [0x00007FF72CF0B9FD]
	(No symbol) [0x00007FF72CF88E57]
	(No symbol) [0x00007FF72CF6BC9A]
	(No symbol) [0x00007FF72CF881E2]
	(No symbol) [0x00007FF72CF6BA43]
	(No symbol) [0x00007FF72CF3D438]
	(No symbol) [0x00007FF72CF3E4D1]
	GetHandleVerifier [0x00007FF72D456AAD+3709933]
	GetHandleVerifier [0x00007FF72D4AFFED+4075821]
	GetHandleVerifier [0x00007FF72D4A817F+4043455]
	GetHandleVerifier [0x00007FF72D179756+706710]
	(No symbol) [0x00007FF72D05B8FF]
	(No symbol) [0x00007FF72D056AE4]
	(No symbol) [0x00007FF72D056C3C]
	(No symbol) [0x00007FF72D0468F4]
	BaseThreadInitThunk [0x00007FFD89887344+20]
	RtlUserThreadStart [0x00007FFD8B8826B1+33]
</status>
</kw>
<status status="FAIL" start="2024-03-04T09:45:29.589328" elapsed="7.137088">Setup failed:
Message: stale element reference: stale element not found
  (Session info: chrome=122.0.6261.95); For documentation on this error, please visit: https://www.selenium.dev/documentation/webdriver/troubleshooting/errors#stale-element-reference-exception
Stacktrace:
	GetHandleVerifier [0x00007FF72D0DAD22+56930]
	(No symbol) [0x00007FF72D04F622]
	(No symbol) [0x00007FF72CF042E5]
	(No symbol) [0x00007FF72CF13EB1]
	(No symbol) [0x00007FF72CF09FB4]
	(No symbol) [0x00007FF72CF0A139]
	(No symbol) [0x00007FF72CF0827A]
	(No symbol) [0x00007FF72CF0B9FD]
	(No symbol) [0x00007FF72CF88E57]
	(No symbol) [0x00007FF72CF6BC9A]
	(No symbol) [0x00007FF72CF881E2]
	(No symbol) [0x00007FF72CF6BA43]
	(No symbol) [0x00007FF72CF3D438]
	(No symbol) [0x00007FF72CF3E4D1]
	GetHandleVerifier [0x00007FF72D456AAD+3709933]
	GetHandleVerifier [0x00007FF72D4AFFED+4075821]
	GetHandleVerifier [0x00007FF72D4A817F+4043455]
	GetHandleVerifier [0x00007FF72D179756+706710]
	(No symbol) [0x00007FF72D05B8FF]
	(No symbol) [0x00007FF72D056AE4]
	(No symbol) [0x00007FF72D056C3C]
	(No symbol) [0x00007FF72D0468F4]
	BaseThreadInitThunk [0x00007FFD89887344+20]
	RtlUserThreadStart [0x00007FFD8B8826B1+33]
</status>
</test>
<kw name="Close test environment" owner="carRentalResources" type="TEARDOWN">
<kw name="Close Browser" owner="SeleniumLibrary">
<doc>Closes the current browser.</doc>
<status status="PASS" start="2024-03-04T09:45:36.732424" elapsed="2.460587"/>
</kw>
<doc>Closes Browser</doc>
<status status="PASS" start="2024-03-04T09:45:36.732424" elapsed="2.460587"/>
</kw>
<doc>Tests for Infotiv's car rental site: https://rental4.infotiv.net/</doc>
<status status="FAIL" start="2024-03-04T09:45:27.660983" elapsed="11.532028"/>
</suite>
<status status="FAIL" start="2024-03-04T09:45:27.656985" elapsed="11.539661"/>
</suite>
<status status="FAIL" start="2024-03-04T09:45:27.653988" elapsed="11.544657"/>
</suite>
<status status="FAIL" start="2024-03-04T09:45:27.650991" elapsed="11.549656"/>
</suite>
<status status="FAIL" start="2024-03-04T09:45:27.625004" elapsed="11.577641"/>
</suite>
<statistics>
<total>
<stat pass="0" fail="1" skip="0">All Tests</stat>
</total>
<tag>
</tag>
<suite>
<stat pass="0" fail="1" skip="0" id="s1" name="Jenkins-Lab">Jenkins-Lab</stat>
<stat pass="0" fail="1" skip="0" id="s1-s1" name="Selenium">Jenkins-Lab.Selenium</stat>
<stat pass="0" fail="1" skip="0" id="s1-s1-s1" name="infotivCarRental">Jenkins-Lab.Selenium.infotivCarRental</stat>
<stat pass="0" fail="1" skip="0" id="s1-s1-s1-s1" name="Tests">Jenkins-Lab.Selenium.infotivCarRental.Tests</stat>
<stat pass="0" fail="1" skip="0" id="s1-s1-s1-s1-s1" name="carRental">Jenkins-Lab.Selenium.infotivCarRental.Tests.carRental</stat>
</suite>
</statistics>
<errors>
</errors>
</robot>
